2025-08-06 16:17:14.416 | INFO     | __main__:crawl_accident_data:27 - 크롤링 시작: 최대 62페이지
2025-08-06 16:17:14.830 | DEBUG    | __main__:crawl_accident_data:49 - 요청 URL: https://accident.knia.or.kr/myaccident-content?chartNo=%EC%B0%A81-1&chartType=1
2025-08-06 16:17:14.854 | INFO     | __main__:crawl_accident_data:63 - 추출 완료: 차1-1
2025-08-06 16:17:15.964 | DEBUG    | __main__:crawl_accident_data:49 - 요청 URL: https://accident.knia.or.kr/myaccident-content?chartNo=%EC%B0%A81-2&chartType=1
2025-08-06 16:17:15.985 | INFO     | __main__:crawl_accident_data:63 - 추출 완료: 차1-2
2025-08-06 16:17:17.105 | DEBUG    | __main__:crawl_accident_data:49 - 요청 URL: https://accident.knia.or.kr/myaccident-content?chartNo=%EC%B0%A81-3&chartType=1
2025-08-06 16:17:17.126 | INFO     | __main__:crawl_accident_data:63 - 추출 완료: 차1-3
2025-08-06 16:17:18.228 | DEBUG    | __main__:crawl_accident_data:49 - 요청 URL: https://accident.knia.or.kr/myaccident-content?chartNo=%EC%B0%A81-4&chartType=1
2025-08-06 16:17:18.245 | INFO     | __main__:crawl_accident_data:63 - 추출 완료: 차1-4
2025-08-06 16:17:19.358 | DEBUG    | __main__:crawl_accident_data:49 - 요청 URL: https://accident.knia.or.kr/myaccident-content?chartNo=%EC%B0%A81-5&chartType=1
2025-08-06 16:17:19.384 | INFO     | __main__:crawl_accident_data:63 - 추출 완료: 차1-5
2025-08-06 16:17:20.483 | DEBUG    | __main__:crawl_accident_data:49 - 요청 URL: https://accident.knia.or.kr/myaccident-content?chartNo=%EC%B0%A81-6&chartType=1
2025-08-06 16:17:20.484 | DEBUG    | __main__:crawl_accident_data:53 - 페이지 1 완료 (총 5건)
2025-08-06 16:17:20.485 | INFO     | __main__:crawl_accident_data:76 - 페이지 1/62 완료 (현재까지 총 5건)
2025-08-06 16:17:20.596 | DEBUG    | __main__:crawl_accident_data:49 - 요청 URL: https://accident.knia.or.kr/myaccident-content?chartNo=%EC%B0%A82-1&chartType=1
2025-08-06 16:17:20.628 | INFO     | __main__:crawl_accident_data:63 - 추출 완료: 차2-1
2025-08-06 16:17:22.002 | DEBUG    | __main__:crawl_accident_data:49 - 요청 URL: https://accident.knia.or.kr/myaccident-content?chartNo=%EC%B0%A82-2&chartType=1
2025-08-06 16:17:22.020 | INFO     | __main__:crawl_accident_data:63 - 추출 완료: 차2-2
2025-08-06 16:17:23.140 | DEBUG    | __main__:crawl_accident_data:49 - 요청 URL: https://accident.knia.or.kr/myaccident-content?chartNo=%EC%B0%A82-3&chartType=1
2025-08-06 16:17:23.167 | INFO     | __main__:crawl_accident_data:63 - 추출 완료: 차2-3
2025-08-06 16:17:24.280 | DEBUG    | __main__:crawl_accident_data:49 - 요청 URL: https://accident.knia.or.kr/myaccident-content?chartNo=%EC%B0%A82-4&chartType=1
2025-08-06 16:17:24.300 | INFO     | __main__:crawl_accident_data:63 - 추출 완료: 차2-4
2025-08-06 16:17:25.422 | DEBUG    | __main__:crawl_accident_data:49 - 요청 URL: https://accident.knia.or.kr/myaccident-content?chartNo=%EC%B0%A82-5&chartType=1
2025-08-06 16:17:25.445 | INFO     | __main__:crawl_accident_data:63 - 추출 완료: 차2-5
2025-08-06 16:17:26.556 | DEBUG    | __main__:crawl_accident_data:49 - 요청 URL: https://accident.knia.or.kr/myaccident-content?chartNo=%EC%B0%A82-6&chartType=1
2025-08-06 16:17:26.576 | INFO     | __main__:crawl_accident_data:63 - 추출 완료: 차2-6
2025-08-06 16:17:27.665 | DEBUG    | __main__:crawl_accident_data:49 - 요청 URL: https://accident.knia.or.kr/myaccident-content?chartNo=%EC%B0%A82-7&chartType=1
2025-08-06 16:17:27.666 | DEBUG    | __main__:crawl_accident_data:53 - 페이지 2 완료 (총 6건)
2025-08-06 16:17:27.667 | INFO     | __main__:crawl_accident_data:76 - 페이지 2/62 완료 (현재까지 총 11건)
2025-08-06 16:17:27.765 | DEBUG    | __main__:crawl_accident_data:49 - 요청 URL: https://accident.knia.or.kr/myaccident-content?chartNo=%EC%B0%A83-1&chartType=1
2025-08-06 16:17:27.783 | INFO     | __main__:crawl_accident_data:63 - 추출 완료: 차3-1
2025-08-06 16:17:29.210 | DEBUG    | __main__:crawl_accident_data:49 - 요청 URL: https://accident.knia.or.kr/myaccident-content?chartNo=%EC%B0%A83-2&chartType=1
2025-08-06 16:17:29.229 | INFO     | __main__:crawl_accident_data:63 - 추출 완료: 차3-2
2025-08-06 16:17:30.326 | DEBUG    | __main__:crawl_accident_data:49 - 요청 URL: https://accident.knia.or.kr/myaccident-content?chartNo=%EC%B0%A83-3&chartType=1
2025-08-06 16:17:30.346 | INFO     | __main__:crawl_accident_data:63 - 추출 완료: 차3-3
2025-08-06 16:17:31.444 | DEBUG    | __main__:crawl_accident_data:49 - 요청 URL: https://accident.knia.or.kr/myaccident-content?chartNo=%EC%B0%A83-4&chartType=1
2025-08-06 16:17:31.463 | INFO     | __main__:crawl_accident_data:63 - 추출 완료: 차3-4
2025-08-06 16:17:32.556 | DEBUG    | __main__:crawl_accident_data:49 - 요청 URL: https://accident.knia.or.kr/myaccident-content?chartNo=%EC%B0%A83-5&chartType=1
2025-08-06 16:17:32.587 | INFO     | __main__:crawl_accident_data:63 - 추출 완료: 차3-5
2025-08-06 16:17:33.955 | DEBUG    | __main__:crawl_accident_data:49 - 요청 URL: https://accident.knia.or.kr/myaccident-content?chartNo=%EC%B0%A83-6&chartType=1
2025-08-06 16:17:34.004 | INFO     | __main__:crawl_accident_data:63 - 추출 완료: 차3-6
2025-08-06 16:17:35.102 | DEBUG    | __main__:crawl_accident_data:49 - 요청 URL: https://accident.knia.or.kr/myaccident-content?chartNo=%EC%B0%A83-7&chartType=1
2025-08-06 16:17:35.125 | INFO     | __main__:crawl_accident_data:63 - 추출 완료: 차3-7
2025-08-06 16:17:36.255 | DEBUG    | __main__:crawl_accident_data:49 - 요청 URL: https://accident.knia.or.kr/myaccident-content?chartNo=%EC%B0%A83-8&chartType=1
2025-08-06 16:17:36.272 | INFO     | __main__:crawl_accident_data:63 - 추출 완료: 차3-8
2025-08-06 16:17:37.400 | DEBUG    | __main__:crawl_accident_data:49 - 요청 URL: https://accident.knia.or.kr/myaccident-content?chartNo=%EC%B0%A83-9&chartType=1
2025-08-06 16:17:37.402 | DEBUG    | __main__:crawl_accident_data:53 - 페이지 3 완료 (총 8건)
2025-08-06 16:17:37.404 | INFO     | __main__:crawl_accident_data:76 - 페이지 3/62 완료 (현재까지 총 19건)
2025-08-06 16:17:37.508 | DEBUG    | __main__:crawl_accident_data:49 - 요청 URL: https://accident.knia.or.kr/myaccident-content?chartNo=%EC%B0%A84-1&chartType=1
2025-08-06 16:17:37.528 | INFO     | __main__:crawl_accident_data:63 - 추출 완료: 차4-1
2025-08-06 16:17:38.723 | DEBUG    | __main__:crawl_accident_data:49 - 요청 URL: https://accident.knia.or.kr/myaccident-content?chartNo=%EC%B0%A84-2&chartType=1
2025-08-06 16:17:38.743 | INFO     | __main__:crawl_accident_data:63 - 추출 완료: 차4-2
2025-08-06 16:17:39.837 | DEBUG    | __main__:crawl_accident_data:49 - 요청 URL: https://accident.knia.or.kr/myaccident-content?chartNo=%EC%B0%A84-3&chartType=1
2025-08-06 16:17:39.838 | DEBUG    | __main__:crawl_accident_data:53 - 페이지 4 완료 (총 2건)
2025-08-06 16:17:39.838 | INFO     | __main__:crawl_accident_data:76 - 페이지 4/62 완료 (현재까지 총 21건)
2025-08-06 16:17:39.910 | DEBUG    | __main__:crawl_accident_data:49 - 요청 URL: https://accident.knia.or.kr/myaccident-content?chartNo=%EC%B0%A85-1&chartType=1
2025-08-06 16:17:39.937 | INFO     | __main__:crawl_accident_data:63 - 추출 완료: 차5-1
2025-08-06 16:17:41.131 | DEBUG    | __main__:crawl_accident_data:49 - 요청 URL: https://accident.knia.or.kr/myaccident-content?chartNo=%EC%B0%A85-2&chartType=1
2025-08-06 16:17:41.169 | INFO     | __main__:crawl_accident_data:63 - 추출 완료: 차5-2
2025-08-06 16:17:42.261 | DEBUG    | __main__:crawl_accident_data:49 - 요청 URL: https://accident.knia.or.kr/myaccident-content?chartNo=%EC%B0%A85-3&chartType=1
2025-08-06 16:17:42.262 | DEBUG    | __main__:crawl_accident_data:53 - 페이지 5 완료 (총 2건)
2025-08-06 16:17:42.262 | INFO     | __main__:crawl_accident_data:76 - 페이지 5/62 완료 (현재까지 총 23건)
2025-08-06 16:17:42.361 | DEBUG    | __main__:crawl_accident_data:49 - 요청 URL: https://accident.knia.or.kr/myaccident-content?chartNo=%EC%B0%A86-1&chartType=1
2025-08-06 16:17:42.386 | INFO     | __main__:crawl_accident_data:63 - 추출 완료: 차6-1
2025-08-06 16:17:43.478 | DEBUG    | __main__:crawl_accident_data:49 - 요청 URL: https://accident.knia.or.kr/myaccident-content?chartNo=%EC%B0%A86-2&chartType=1
2025-08-06 16:17:43.478 | DEBUG    | __main__:crawl_accident_data:53 - 페이지 6 완료 (총 1건)
2025-08-06 16:17:43.479 | INFO     | __main__:crawl_accident_data:76 - 페이지 6/62 완료 (현재까지 총 24건)
2025-08-06 16:17:43.571 | DEBUG    | __main__:crawl_accident_data:49 - 요청 URL: https://accident.knia.or.kr/myaccident-content?chartNo=%EC%B0%A87-1&chartType=1
2025-08-06 16:17:43.590 | INFO     | __main__:crawl_accident_data:63 - 추출 완료: 차7-1
2025-08-06 16:17:44.694 | DEBUG    | __main__:crawl_accident_data:49 - 요청 URL: https://accident.knia.or.kr/myaccident-content?chartNo=%EC%B0%A87-2&chartType=1
2025-08-06 16:17:44.713 | INFO     | __main__:crawl_accident_data:63 - 추출 완료: 차7-2
2025-08-06 16:17:46.441 | DEBUG    | __main__:crawl_accident_data:49 - 요청 URL: https://accident.knia.or.kr/myaccident-content?chartNo=%EC%B0%A87-3&chartType=1
2025-08-06 16:17:46.442 | DEBUG    | __main__:crawl_accident_data:53 - 페이지 7 완료 (총 2건)
2025-08-06 16:17:46.443 | INFO     | __main__:crawl_accident_data:76 - 페이지 7/62 완료 (현재까지 총 26건)
2025-08-06 16:17:46.523 | DEBUG    | __main__:crawl_accident_data:49 - 요청 URL: https://accident.knia.or.kr/myaccident-content?chartNo=%EC%B0%A88-1&chartType=1
2025-08-06 16:17:46.543 | INFO     | __main__:crawl_accident_data:63 - 추출 완료: 차8-1
2025-08-06 16:17:47.647 | DEBUG    | __main__:crawl_accident_data:49 - 요청 URL: https://accident.knia.or.kr/myaccident-content?chartNo=%EC%B0%A88-2&chartType=1
2025-08-06 16:17:47.667 | INFO     | __main__:crawl_accident_data:63 - 추출 완료: 차8-2
2025-08-06 16:17:48.968 | DEBUG    | __main__:crawl_accident_data:49 - 요청 URL: https://accident.knia.or.kr/myaccident-content?chartNo=%EC%B0%A88-3&chartType=1
2025-08-06 16:17:48.989 | INFO     | __main__:crawl_accident_data:63 - 추출 완료: 차8-3
2025-08-06 16:17:50.053 | DEBUG    | __main__:crawl_accident_data:49 - 요청 URL: https://accident.knia.or.kr/myaccident-content?chartNo=%EC%B0%A88-4&chartType=1
2025-08-06 16:17:50.053 | DEBUG    | __main__:crawl_accident_data:53 - 페이지 8 완료 (총 3건)
2025-08-06 16:17:50.054 | INFO     | __main__:crawl_accident_data:76 - 페이지 8/62 완료 (현재까지 총 29건)
2025-08-06 16:17:50.128 | DEBUG    | __main__:crawl_accident_data:49 - 요청 URL: https://accident.knia.or.kr/myaccident-content?chartNo=%EC%B0%A89-1&chartType=1
2025-08-06 16:17:50.148 | INFO     | __main__:crawl_accident_data:63 - 추출 완료: 차9-1
2025-08-06 16:17:51.326 | DEBUG    | __main__:crawl_accident_data:49 - 요청 URL: https://accident.knia.or.kr/myaccident-content?chartNo=%EC%B0%A89-2&chartType=1
2025-08-06 16:17:51.351 | INFO     | __main__:crawl_accident_data:63 - 추출 완료: 차9-2
2025-08-06 16:17:52.429 | DEBUG    | __main__:crawl_accident_data:49 - 요청 URL: https://accident.knia.or.kr/myaccident-content?chartNo=%EC%B0%A89-3&chartType=1
2025-08-06 16:17:52.429 | DEBUG    | __main__:crawl_accident_data:53 - 페이지 9 완료 (총 2건)
2025-08-06 16:17:52.429 | INFO     | __main__:crawl_accident_data:76 - 페이지 9/62 완료 (현재까지 총 31건)
2025-08-06 16:17:52.521 | DEBUG    | __main__:crawl_accident_data:49 - 요청 URL: https://accident.knia.or.kr/myaccident-content?chartNo=%EC%B0%A810-1&chartType=1
2025-08-06 16:17:52.551 | INFO     | __main__:crawl_accident_data:63 - 추출 완료: 차10-1
2025-08-06 16:17:53.631 | DEBUG    | __main__:crawl_accident_data:49 - 요청 URL: https://accident.knia.or.kr/myaccident-content?chartNo=%EC%B0%A810-2&chartType=1
2025-08-06 16:17:53.631 | DEBUG    | __main__:crawl_accident_data:53 - 페이지 10 완료 (총 1건)
2025-08-06 16:17:53.632 | INFO     | __main__:crawl_accident_data:76 - 페이지 10/62 완료 (현재까지 총 32건)
2025-08-06 16:17:53.730 | DEBUG    | __main__:crawl_accident_data:49 - 요청 URL: https://accident.knia.or.kr/myaccident-content?chartNo=%EC%B0%A811-1&chartType=1
2025-08-06 16:17:53.753 | INFO     | __main__:crawl_accident_data:63 - 추출 완료: 차11-1
2025-08-06 16:17:54.881 | DEBUG    | __main__:crawl_accident_data:49 - 요청 URL: https://accident.knia.or.kr/myaccident-content?chartNo=%EC%B0%A811-2&chartType=1
2025-08-06 16:17:54.906 | INFO     | __main__:crawl_accident_data:63 - 추출 완료: 차11-2
2025-08-06 16:17:56.038 | DEBUG    | __main__:crawl_accident_data:49 - 요청 URL: https://accident.knia.or.kr/myaccident-content?chartNo=%EC%B0%A811-3&chartType=1
2025-08-06 16:17:56.057 | INFO     | __main__:crawl_accident_data:63 - 추출 완료: 차11-3
2025-08-06 16:17:57.170 | DEBUG    | __main__:crawl_accident_data:49 - 요청 URL: https://accident.knia.or.kr/myaccident-content?chartNo=%EC%B0%A811-4&chartType=1
2025-08-06 16:17:57.189 | INFO     | __main__:crawl_accident_data:63 - 추출 완료: 차11-4
2025-08-06 16:17:58.410 | DEBUG    | __main__:crawl_accident_data:49 - 요청 URL: https://accident.knia.or.kr/myaccident-content?chartNo=%EC%B0%A811-5&chartType=1
2025-08-06 16:17:58.456 | INFO     | __main__:crawl_accident_data:63 - 추출 완료: 차11-5
2025-08-06 16:17:59.562 | DEBUG    | __main__:crawl_accident_data:49 - 요청 URL: https://accident.knia.or.kr/myaccident-content?chartNo=%EC%B0%A811-6&chartType=1
2025-08-06 16:17:59.581 | INFO     | __main__:crawl_accident_data:63 - 추출 완료: 차11-6
2025-08-06 16:18:00.662 | DEBUG    | __main__:crawl_accident_data:49 - 요청 URL: https://accident.knia.or.kr/myaccident-content?chartNo=%EC%B0%A811-7&chartType=1
2025-08-06 16:18:00.664 | DEBUG    | __main__:crawl_accident_data:53 - 페이지 11 완료 (총 6건)
2025-08-06 16:18:00.664 | INFO     | __main__:crawl_accident_data:76 - 페이지 11/62 완료 (현재까지 총 38건)
2025-08-06 16:18:00.759 | DEBUG    | __main__:crawl_accident_data:49 - 요청 URL: https://accident.knia.or.kr/myaccident-content?chartNo=%EC%B0%A812-1&chartType=1
2025-08-06 16:18:00.784 | INFO     | __main__:crawl_accident_data:63 - 추출 완료: 차12-1
2025-08-06 16:18:01.890 | DEBUG    | __main__:crawl_accident_data:49 - 요청 URL: https://accident.knia.or.kr/myaccident-content?chartNo=%EC%B0%A812-2&chartType=1
2025-08-06 16:18:01.913 | INFO     | __main__:crawl_accident_data:63 - 추출 완료: 차12-2
2025-08-06 16:18:03.173 | DEBUG    | __main__:crawl_accident_data:49 - 요청 URL: https://accident.knia.or.kr/myaccident-content?chartNo=%EC%B0%A812-3&chartType=1
2025-08-06 16:18:03.176 | DEBUG    | __main__:crawl_accident_data:53 - 페이지 12 완료 (총 2건)
2025-08-06 16:18:03.177 | INFO     | __main__:crawl_accident_data:76 - 페이지 12/62 완료 (현재까지 총 40건)
2025-08-06 16:18:03.261 | DEBUG    | __main__:crawl_accident_data:49 - 요청 URL: https://accident.knia.or.kr/myaccident-content?chartNo=%EC%B0%A813-1&chartType=1
2025-08-06 16:18:03.282 | INFO     | __main__:crawl_accident_data:63 - 추출 완료: 차13-1
2025-08-06 16:18:04.364 | DEBUG    | __main__:crawl_accident_data:49 - 요청 URL: https://accident.knia.or.kr/myaccident-content?chartNo=%EC%B0%A813-2&chartType=1
2025-08-06 16:18:04.386 | INFO     | __main__:crawl_accident_data:63 - 추출 완료: 차13-2
2025-08-06 16:18:05.503 | DEBUG    | __main__:crawl_accident_data:49 - 요청 URL: https://accident.knia.or.kr/myaccident-content?chartNo=%EC%B0%A813-3&chartType=1
2025-08-06 16:18:05.534 | INFO     | __main__:crawl_accident_data:63 - 추출 완료: 차13-3
2025-08-06 16:18:06.639 | DEBUG    | __main__:crawl_accident_data:49 - 요청 URL: https://accident.knia.or.kr/myaccident-content?chartNo=%EC%B0%A813-4&chartType=1
2025-08-06 16:18:06.658 | INFO     | __main__:crawl_accident_data:63 - 추출 완료: 차13-4
2025-08-06 16:18:07.764 | DEBUG    | __main__:crawl_accident_data:49 - 요청 URL: https://accident.knia.or.kr/myaccident-content?chartNo=%EC%B0%A813-5&chartType=1
2025-08-06 16:18:07.765 | DEBUG    | __main__:crawl_accident_data:53 - 페이지 13 완료 (총 4건)
2025-08-06 16:18:07.766 | INFO     | __main__:crawl_accident_data:76 - 페이지 13/62 완료 (현재까지 총 44건)
2025-08-06 16:18:07.851 | DEBUG    | __main__:crawl_accident_data:49 - 요청 URL: https://accident.knia.or.kr/myaccident-content?chartNo=%EC%B0%A814-1&chartType=1
2025-08-06 16:18:07.872 | INFO     | __main__:crawl_accident_data:63 - 추출 완료: 차14-1
2025-08-06 16:18:08.958 | DEBUG    | __main__:crawl_accident_data:49 - 요청 URL: https://accident.knia.or.kr/myaccident-content?chartNo=%EC%B0%A814-2&chartType=1
2025-08-06 16:18:08.958 | DEBUG    | __main__:crawl_accident_data:53 - 페이지 14 완료 (총 1건)
2025-08-06 16:18:08.958 | INFO     | __main__:crawl_accident_data:76 - 페이지 14/62 완료 (현재까지 총 45건)
2025-08-06 16:18:09.044 | DEBUG    | __main__:crawl_accident_data:49 - 요청 URL: https://accident.knia.or.kr/myaccident-content?chartNo=%EC%B0%A815-1&chartType=1
2025-08-06 16:18:09.058 | INFO     | __main__:crawl_accident_data:63 - 추출 완료: 차15-1
2025-08-06 16:18:10.662 | DEBUG    | __main__:crawl_accident_data:49 - 요청 URL: https://accident.knia.or.kr/myaccident-content?chartNo=%EC%B0%A815-2&chartType=1
2025-08-06 16:18:10.664 | DEBUG    | __main__:crawl_accident_data:53 - 페이지 15 완료 (총 1건)
2025-08-06 16:18:10.665 | INFO     | __main__:crawl_accident_data:76 - 페이지 15/62 완료 (현재까지 총 46건)
2025-08-06 16:18:10.766 | DEBUG    | __main__:crawl_accident_data:49 - 요청 URL: https://accident.knia.or.kr/myaccident-content?chartNo=%EC%B0%A816-1&chartType=1
2025-08-06 16:18:10.787 | INFO     | __main__:crawl_accident_data:63 - 추출 완료: 차16-1
2025-08-06 16:18:11.884 | DEBUG    | __main__:crawl_accident_data:49 - 요청 URL: https://accident.knia.or.kr/myaccident-content?chartNo=%EC%B0%A816-2&chartType=1
2025-08-06 16:18:11.905 | INFO     | __main__:crawl_accident_data:63 - 추출 완료: 차16-2
2025-08-06 16:18:13.023 | DEBUG    | __main__:crawl_accident_data:49 - 요청 URL: https://accident.knia.or.kr/myaccident-content?chartNo=%EC%B0%A816-3&chartType=1
2025-08-06 16:18:13.049 | INFO     | __main__:crawl_accident_data:63 - 추출 완료: 차16-3
2025-08-06 16:18:14.175 | DEBUG    | __main__:crawl_accident_data:49 - 요청 URL: https://accident.knia.or.kr/myaccident-content?chartNo=%EC%B0%A816-4&chartType=1
2025-08-06 16:18:14.198 | INFO     | __main__:crawl_accident_data:63 - 추출 완료: 차16-4
2025-08-06 16:18:15.296 | DEBUG    | __main__:crawl_accident_data:49 - 요청 URL: https://accident.knia.or.kr/myaccident-content?chartNo=%EC%B0%A816-5&chartType=1
2025-08-06 16:18:15.323 | INFO     | __main__:crawl_accident_data:63 - 추출 완료: 차16-5
2025-08-06 16:18:16.417 | DEBUG    | __main__:crawl_accident_data:49 - 요청 URL: https://accident.knia.or.kr/myaccident-content?chartNo=%EC%B0%A816-6&chartType=1
2025-08-06 16:18:16.418 | DEBUG    | __main__:crawl_accident_data:53 - 페이지 16 완료 (총 5건)
2025-08-06 16:18:16.418 | INFO     | __main__:crawl_accident_data:76 - 페이지 16/62 완료 (현재까지 총 51건)
2025-08-06 16:18:16.540 | DEBUG    | __main__:crawl_accident_data:49 - 요청 URL: https://accident.knia.or.kr/myaccident-content?chartNo=%EC%B0%A817-1&chartType=1
2025-08-06 16:18:16.570 | INFO     | __main__:crawl_accident_data:63 - 추출 완료: 차17-1
2025-08-06 16:18:17.664 | DEBUG    | __main__:crawl_accident_data:49 - 요청 URL: https://accident.knia.or.kr/myaccident-content?chartNo=%EC%B0%A817-2&chartType=1
2025-08-06 16:18:17.687 | INFO     | __main__:crawl_accident_data:63 - 추출 완료: 차17-2
2025-08-06 16:18:18.783 | DEBUG    | __main__:crawl_accident_data:49 - 요청 URL: https://accident.knia.or.kr/myaccident-content?chartNo=%EC%B0%A817-3&chartType=1
2025-08-06 16:18:18.784 | DEBUG    | __main__:crawl_accident_data:53 - 페이지 17 완료 (총 2건)
2025-08-06 16:18:18.784 | INFO     | __main__:crawl_accident_data:76 - 페이지 17/62 완료 (현재까지 총 53건)
2025-08-06 16:18:18.881 | DEBUG    | __main__:crawl_accident_data:49 - 요청 URL: https://accident.knia.or.kr/myaccident-content?chartNo=%EC%B0%A818-1&chartType=1
2025-08-06 16:18:18.900 | INFO     | __main__:crawl_accident_data:63 - 추출 완료: 차18-1
2025-08-06 16:18:19.989 | DEBUG    | __main__:crawl_accident_data:49 - 요청 URL: https://accident.knia.or.kr/myaccident-content?chartNo=%EC%B0%A818-2&chartType=1
2025-08-06 16:18:20.018 | INFO     | __main__:crawl_accident_data:63 - 추출 완료: 차18-2
2025-08-06 16:18:21.109 | DEBUG    | __main__:crawl_accident_data:49 - 요청 URL: https://accident.knia.or.kr/myaccident-content?chartNo=%EC%B0%A818-3&chartType=1
2025-08-06 16:18:21.109 | DEBUG    | __main__:crawl_accident_data:53 - 페이지 18 완료 (총 2건)
2025-08-06 16:18:21.110 | INFO     | __main__:crawl_accident_data:76 - 페이지 18/62 완료 (현재까지 총 55건)
2025-08-06 16:18:21.188 | DEBUG    | __main__:crawl_accident_data:49 - 요청 URL: https://accident.knia.or.kr/myaccident-content?chartNo=%EC%B0%A819-1&chartType=1
2025-08-06 16:18:21.220 | INFO     | __main__:crawl_accident_data:63 - 추출 완료: 차19-1
2025-08-06 16:18:22.318 | DEBUG    | __main__:crawl_accident_data:49 - 요청 URL: https://accident.knia.or.kr/myaccident-content?chartNo=%EC%B0%A819-2&chartType=1
2025-08-06 16:18:22.319 | DEBUG    | __main__:crawl_accident_data:53 - 페이지 19 완료 (총 1건)
2025-08-06 16:18:22.319 | INFO     | __main__:crawl_accident_data:76 - 페이지 19/62 완료 (현재까지 총 56건)
2025-08-06 16:18:22.427 | DEBUG    | __main__:crawl_accident_data:49 - 요청 URL: https://accident.knia.or.kr/myaccident-content?chartNo=%EC%B0%A820-1&chartType=1
2025-08-06 16:18:22.449 | INFO     | __main__:crawl_accident_data:63 - 추출 완료: 차20-1
2025-08-06 16:18:23.552 | DEBUG    | __main__:crawl_accident_data:49 - 요청 URL: https://accident.knia.or.kr/myaccident-content?chartNo=%EC%B0%A820-2&chartType=1
2025-08-06 16:18:23.573 | INFO     | __main__:crawl_accident_data:63 - 추출 완료: 차20-2
2025-08-06 16:18:24.687 | DEBUG    | __main__:crawl_accident_data:49 - 요청 URL: https://accident.knia.or.kr/myaccident-content?chartNo=%EC%B0%A820-3&chartType=1
2025-08-06 16:18:24.688 | DEBUG    | __main__:crawl_accident_data:53 - 페이지 20 완료 (총 2건)
2025-08-06 16:18:24.688 | INFO     | __main__:crawl_accident_data:76 - 페이지 20/62 완료 (현재까지 총 58건)
2025-08-06 16:18:24.778 | DEBUG    | __main__:crawl_accident_data:49 - 요청 URL: https://accident.knia.or.kr/myaccident-content?chartNo=%EC%B0%A821-1&chartType=1
2025-08-06 16:18:24.807 | INFO     | __main__:crawl_accident_data:63 - 추출 완료: 차21-1
2025-08-06 16:18:25.901 | DEBUG    | __main__:crawl_accident_data:49 - 요청 URL: https://accident.knia.or.kr/myaccident-content?chartNo=%EC%B0%A821-2&chartType=1
2025-08-06 16:18:25.901 | DEBUG    | __main__:crawl_accident_data:53 - 페이지 21 완료 (총 1건)
2025-08-06 16:18:25.902 | INFO     | __main__:crawl_accident_data:76 - 페이지 21/62 완료 (현재까지 총 59건)
2025-08-06 16:18:25.992 | DEBUG    | __main__:crawl_accident_data:49 - 요청 URL: https://accident.knia.or.kr/myaccident-content?chartNo=%EC%B0%A822-1&chartType=1
2025-08-06 16:18:25.993 | DEBUG    | __main__:crawl_accident_data:53 - 페이지 22 완료 (총 0건)
2025-08-06 16:18:25.994 | INFO     | __main__:crawl_accident_data:76 - 페이지 22/62 완료 (현재까지 총 59건)
2025-08-06 16:18:26.064 | DEBUG    | __main__:crawl_accident_data:49 - 요청 URL: https://accident.knia.or.kr/myaccident-content?chartNo=%EC%B0%A823-1&chartType=1
2025-08-06 16:18:26.066 | DEBUG    | __main__:crawl_accident_data:53 - 페이지 23 완료 (총 0건)
2025-08-06 16:18:26.066 | INFO     | __main__:crawl_accident_data:76 - 페이지 23/62 완료 (현재까지 총 59건)
2025-08-06 16:18:26.135 | DEBUG    | __main__:crawl_accident_data:49 - 요청 URL: https://accident.knia.or.kr/myaccident-content?chartNo=%EC%B0%A824-1&chartType=1
2025-08-06 16:18:26.136 | DEBUG    | __main__:crawl_accident_data:53 - 페이지 24 완료 (총 0건)
2025-08-06 16:18:26.137 | INFO     | __main__:crawl_accident_data:76 - 페이지 24/62 완료 (현재까지 총 59건)
2025-08-06 16:18:26.209 | DEBUG    | __main__:crawl_accident_data:49 - 요청 URL: https://accident.knia.or.kr/myaccident-content?chartNo=%EC%B0%A825-1&chartType=1
2025-08-06 16:18:26.209 | DEBUG    | __main__:crawl_accident_data:53 - 페이지 25 완료 (총 0건)
2025-08-06 16:18:26.210 | INFO     | __main__:crawl_accident_data:76 - 페이지 25/62 완료 (현재까지 총 59건)
2025-08-06 16:18:26.283 | DEBUG    | __main__:crawl_accident_data:49 - 요청 URL: https://accident.knia.or.kr/myaccident-content?chartNo=%EC%B0%A826-1&chartType=1
2025-08-06 16:18:26.284 | DEBUG    | __main__:crawl_accident_data:53 - 페이지 26 완료 (총 0건)
2025-08-06 16:18:26.285 | INFO     | __main__:crawl_accident_data:76 - 페이지 26/62 완료 (현재까지 총 59건)
2025-08-06 16:18:26.366 | DEBUG    | __main__:crawl_accident_data:49 - 요청 URL: https://accident.knia.or.kr/myaccident-content?chartNo=%EC%B0%A827-1&chartType=1
2025-08-06 16:18:26.366 | DEBUG    | __main__:crawl_accident_data:53 - 페이지 27 완료 (총 0건)
2025-08-06 16:18:26.367 | INFO     | __main__:crawl_accident_data:76 - 페이지 27/62 완료 (현재까지 총 59건)
2025-08-06 16:18:26.435 | DEBUG    | __main__:crawl_accident_data:49 - 요청 URL: https://accident.knia.or.kr/myaccident-content?chartNo=%EC%B0%A828-1&chartType=1
2025-08-06 16:18:26.436 | DEBUG    | __main__:crawl_accident_data:53 - 페이지 28 완료 (총 0건)
2025-08-06 16:18:26.437 | INFO     | __main__:crawl_accident_data:76 - 페이지 28/62 완료 (현재까지 총 59건)
2025-08-06 16:18:26.527 | DEBUG    | __main__:crawl_accident_data:49 - 요청 URL: https://accident.knia.or.kr/myaccident-content?chartNo=%EC%B0%A829-1&chartType=1
2025-08-06 16:18:26.527 | DEBUG    | __main__:crawl_accident_data:53 - 페이지 29 완료 (총 0건)
2025-08-06 16:18:26.528 | INFO     | __main__:crawl_accident_data:76 - 페이지 29/62 완료 (현재까지 총 59건)
2025-08-06 16:18:26.640 | DEBUG    | __main__:crawl_accident_data:49 - 요청 URL: https://accident.knia.or.kr/myaccident-content?chartNo=%EC%B0%A830-1&chartType=1
2025-08-06 16:18:26.642 | DEBUG    | __main__:crawl_accident_data:53 - 페이지 30 완료 (총 0건)
2025-08-06 16:18:26.644 | INFO     | __main__:crawl_accident_data:76 - 페이지 30/62 완료 (현재까지 총 59건)
2025-08-06 16:18:26.758 | DEBUG    | __main__:crawl_accident_data:49 - 요청 URL: https://accident.knia.or.kr/myaccident-content?chartNo=%EC%B0%A831-1&chartType=1
2025-08-06 16:18:26.778 | INFO     | __main__:crawl_accident_data:63 - 추출 완료: 차31-1
2025-08-06 16:18:27.883 | DEBUG    | __main__:crawl_accident_data:49 - 요청 URL: https://accident.knia.or.kr/myaccident-content?chartNo=%EC%B0%A831-2&chartType=1
2025-08-06 16:18:27.901 | INFO     | __main__:crawl_accident_data:63 - 추출 완료: 차31-2
2025-08-06 16:18:28.993 | DEBUG    | __main__:crawl_accident_data:49 - 요청 URL: https://accident.knia.or.kr/myaccident-content?chartNo=%EC%B0%A831-3&chartType=1
2025-08-06 16:18:29.012 | INFO     | __main__:crawl_accident_data:63 - 추출 완료: 차31-3
2025-08-06 16:18:30.112 | DEBUG    | __main__:crawl_accident_data:49 - 요청 URL: https://accident.knia.or.kr/myaccident-content?chartNo=%EC%B0%A831-4&chartType=1
2025-08-06 16:18:30.133 | INFO     | __main__:crawl_accident_data:63 - 추출 완료: 차31-4
2025-08-06 16:18:31.218 | DEBUG    | __main__:crawl_accident_data:49 - 요청 URL: https://accident.knia.or.kr/myaccident-content?chartNo=%EC%B0%A831-5&chartType=1
2025-08-06 16:18:31.218 | DEBUG    | __main__:crawl_accident_data:53 - 페이지 31 완료 (총 4건)
2025-08-06 16:18:31.219 | INFO     | __main__:crawl_accident_data:76 - 페이지 31/62 완료 (현재까지 총 63건)
2025-08-06 16:18:31.309 | DEBUG    | __main__:crawl_accident_data:49 - 요청 URL: https://accident.knia.or.kr/myaccident-content?chartNo=%EC%B0%A832-1&chartType=1
2025-08-06 16:18:31.333 | INFO     | __main__:crawl_accident_data:63 - 추출 완료: 차32-1
2025-08-06 16:18:32.415 | DEBUG    | __main__:crawl_accident_data:49 - 요청 URL: https://accident.knia.or.kr/myaccident-content?chartNo=%EC%B0%A832-2&chartType=1
2025-08-06 16:18:32.416 | DEBUG    | __main__:crawl_accident_data:53 - 페이지 32 완료 (총 1건)
2025-08-06 16:18:32.416 | INFO     | __main__:crawl_accident_data:76 - 페이지 32/62 완료 (현재까지 총 64건)
2025-08-06 16:18:32.509 | DEBUG    | __main__:crawl_accident_data:49 - 요청 URL: https://accident.knia.or.kr/myaccident-content?chartNo=%EC%B0%A833-1&chartType=1
2025-08-06 16:18:32.532 | INFO     | __main__:crawl_accident_data:63 - 추출 완료: 차33-1
2025-08-06 16:18:33.647 | DEBUG    | __main__:crawl_accident_data:49 - 요청 URL: https://accident.knia.or.kr/myaccident-content?chartNo=%EC%B0%A833-2&chartType=1
2025-08-06 16:18:33.676 | INFO     | __main__:crawl_accident_data:63 - 추출 완료: 차33-2
2025-08-06 16:18:34.746 | DEBUG    | __main__:crawl_accident_data:49 - 요청 URL: https://accident.knia.or.kr/myaccident-content?chartNo=%EC%B0%A833-3&chartType=1
2025-08-06 16:18:34.747 | DEBUG    | __main__:crawl_accident_data:53 - 페이지 33 완료 (총 2건)
2025-08-06 16:18:34.747 | INFO     | __main__:crawl_accident_data:76 - 페이지 33/62 완료 (현재까지 총 66건)
2025-08-06 16:18:34.827 | DEBUG    | __main__:crawl_accident_data:49 - 요청 URL: https://accident.knia.or.kr/myaccident-content?chartNo=%EC%B0%A834-1&chartType=1
2025-08-06 16:18:34.828 | DEBUG    | __main__:crawl_accident_data:53 - 페이지 34 완료 (총 0건)
2025-08-06 16:18:34.828 | INFO     | __main__:crawl_accident_data:76 - 페이지 34/62 완료 (현재까지 총 66건)
2025-08-06 16:18:34.896 | DEBUG    | __main__:crawl_accident_data:49 - 요청 URL: https://accident.knia.or.kr/myaccident-content?chartNo=%EC%B0%A835-1&chartType=1
2025-08-06 16:18:34.896 | DEBUG    | __main__:crawl_accident_data:53 - 페이지 35 완료 (총 0건)
2025-08-06 16:18:34.897 | INFO     | __main__:crawl_accident_data:76 - 페이지 35/62 완료 (현재까지 총 66건)
2025-08-06 16:18:34.948 | DEBUG    | __main__:crawl_accident_data:49 - 요청 URL: https://accident.knia.or.kr/myaccident-content?chartNo=%EC%B0%A836-1&chartType=1
2025-08-06 16:18:34.948 | DEBUG    | __main__:crawl_accident_data:53 - 페이지 36 완료 (총 0건)
2025-08-06 16:18:34.949 | INFO     | __main__:crawl_accident_data:76 - 페이지 36/62 완료 (현재까지 총 66건)
2025-08-06 16:18:35.035 | DEBUG    | __main__:crawl_accident_data:49 - 요청 URL: https://accident.knia.or.kr/myaccident-content?chartNo=%EC%B0%A837-1&chartType=1
2025-08-06 16:18:35.036 | DEBUG    | __main__:crawl_accident_data:53 - 페이지 37 완료 (총 0건)
2025-08-06 16:18:35.036 | INFO     | __main__:crawl_accident_data:76 - 페이지 37/62 완료 (현재까지 총 66건)
2025-08-06 16:18:35.122 | DEBUG    | __main__:crawl_accident_data:49 - 요청 URL: https://accident.knia.or.kr/myaccident-content?chartNo=%EC%B0%A838-1&chartType=1
2025-08-06 16:18:35.123 | DEBUG    | __main__:crawl_accident_data:53 - 페이지 38 완료 (총 0건)
2025-08-06 16:18:35.123 | INFO     | __main__:crawl_accident_data:76 - 페이지 38/62 완료 (현재까지 총 66건)
2025-08-06 16:18:35.177 | DEBUG    | __main__:crawl_accident_data:49 - 요청 URL: https://accident.knia.or.kr/myaccident-content?chartNo=%EC%B0%A839-1&chartType=1
2025-08-06 16:18:35.178 | DEBUG    | __main__:crawl_accident_data:53 - 페이지 39 완료 (총 0건)
2025-08-06 16:18:35.179 | INFO     | __main__:crawl_accident_data:76 - 페이지 39/62 완료 (현재까지 총 66건)
2025-08-06 16:18:35.276 | DEBUG    | __main__:crawl_accident_data:49 - 요청 URL: https://accident.knia.or.kr/myaccident-content?chartNo=%EC%B0%A840-1&chartType=1
2025-08-06 16:18:35.276 | DEBUG    | __main__:crawl_accident_data:53 - 페이지 40 완료 (총 0건)
2025-08-06 16:18:35.277 | INFO     | __main__:crawl_accident_data:76 - 페이지 40/62 완료 (현재까지 총 66건)
2025-08-06 16:18:35.402 | DEBUG    | __main__:crawl_accident_data:49 - 요청 URL: https://accident.knia.or.kr/myaccident-content?chartNo=%EC%B0%A841-1&chartType=1
2025-08-06 16:18:35.422 | INFO     | __main__:crawl_accident_data:63 - 추출 완료: 차41-1
2025-08-06 16:18:36.554 | DEBUG    | __main__:crawl_accident_data:49 - 요청 URL: https://accident.knia.or.kr/myaccident-content?chartNo=%EC%B0%A841-2&chartType=1
2025-08-06 16:18:36.554 | DEBUG    | __main__:crawl_accident_data:53 - 페이지 41 완료 (총 1건)
2025-08-06 16:18:36.555 | INFO     | __main__:crawl_accident_data:76 - 페이지 41/62 완료 (현재까지 총 67건)
2025-08-06 16:18:36.638 | DEBUG    | __main__:crawl_accident_data:49 - 요청 URL: https://accident.knia.or.kr/myaccident-content?chartNo=%EC%B0%A842-1&chartType=1
2025-08-06 16:18:36.659 | INFO     | __main__:crawl_accident_data:63 - 추출 완료: 차42-1
2025-08-06 16:18:37.764 | DEBUG    | __main__:crawl_accident_data:49 - 요청 URL: https://accident.knia.or.kr/myaccident-content?chartNo=%EC%B0%A842-2&chartType=1
2025-08-06 16:18:37.787 | INFO     | __main__:crawl_accident_data:63 - 추출 완료: 차42-2
2025-08-06 16:18:39.039 | DEBUG    | __main__:crawl_accident_data:49 - 요청 URL: https://accident.knia.or.kr/myaccident-content?chartNo=%EC%B0%A842-3&chartType=1
2025-08-06 16:18:39.060 | INFO     | __main__:crawl_accident_data:63 - 추출 완료: 차42-3
2025-08-06 16:18:40.141 | DEBUG    | __main__:crawl_accident_data:49 - 요청 URL: https://accident.knia.or.kr/myaccident-content?chartNo=%EC%B0%A842-4&chartType=1
2025-08-06 16:18:40.142 | DEBUG    | __main__:crawl_accident_data:53 - 페이지 42 완료 (총 3건)
2025-08-06 16:18:40.142 | INFO     | __main__:crawl_accident_data:76 - 페이지 42/62 완료 (현재까지 총 70건)
2025-08-06 16:18:40.226 | DEBUG    | __main__:crawl_accident_data:49 - 요청 URL: https://accident.knia.or.kr/myaccident-content?chartNo=%EC%B0%A843-1&chartType=1
2025-08-06 16:18:40.245 | INFO     | __main__:crawl_accident_data:63 - 추출 완료: 차43-1
2025-08-06 16:18:41.382 | DEBUG    | __main__:crawl_accident_data:49 - 요청 URL: https://accident.knia.or.kr/myaccident-content?chartNo=%EC%B0%A843-2&chartType=1
2025-08-06 16:18:41.406 | INFO     | __main__:crawl_accident_data:63 - 추출 완료: 차43-2
2025-08-06 16:18:42.534 | DEBUG    | __main__:crawl_accident_data:49 - 요청 URL: https://accident.knia.or.kr/myaccident-content?chartNo=%EC%B0%A843-3&chartType=1
2025-08-06 16:18:42.556 | INFO     | __main__:crawl_accident_data:63 - 추출 완료: 차43-3
2025-08-06 16:18:44.065 | DEBUG    | __main__:crawl_accident_data:49 - 요청 URL: https://accident.knia.or.kr/myaccident-content?chartNo=%EC%B0%A843-4&chartType=1
2025-08-06 16:18:44.084 | INFO     | __main__:crawl_accident_data:63 - 추출 완료: 차43-4
2025-08-06 16:18:45.208 | DEBUG    | __main__:crawl_accident_data:49 - 요청 URL: https://accident.knia.or.kr/myaccident-content?chartNo=%EC%B0%A843-5&chartType=1
2025-08-06 16:18:45.241 | INFO     | __main__:crawl_accident_data:63 - 추출 완료: 차43-5
2025-08-06 16:18:46.688 | DEBUG    | __main__:crawl_accident_data:49 - 요청 URL: https://accident.knia.or.kr/myaccident-content?chartNo=%EC%B0%A843-6&chartType=1
2025-08-06 16:18:46.739 | INFO     | __main__:crawl_accident_data:63 - 추출 완료: 차43-6
2025-08-06 16:18:47.856 | DEBUG    | __main__:crawl_accident_data:49 - 요청 URL: https://accident.knia.or.kr/myaccident-content?chartNo=%EC%B0%A843-7&chartType=1
2025-08-06 16:18:47.878 | INFO     | __main__:crawl_accident_data:63 - 추출 완료: 차43-7
2025-08-06 16:18:48.962 | DEBUG    | __main__:crawl_accident_data:49 - 요청 URL: https://accident.knia.or.kr/myaccident-content?chartNo=%EC%B0%A843-8&chartType=1
2025-08-06 16:18:48.963 | DEBUG    | __main__:crawl_accident_data:53 - 페이지 43 완료 (총 7건)
2025-08-06 16:18:48.964 | INFO     | __main__:crawl_accident_data:76 - 페이지 43/62 완료 (현재까지 총 77건)
2025-08-06 16:18:49.043 | DEBUG    | __main__:crawl_accident_data:49 - 요청 URL: https://accident.knia.or.kr/myaccident-content?chartNo=%EC%B0%A844-1&chartType=1
2025-08-06 16:18:49.064 | INFO     | __main__:crawl_accident_data:63 - 추출 완료: 차44-1
2025-08-06 16:18:50.146 | DEBUG    | __main__:crawl_accident_data:49 - 요청 URL: https://accident.knia.or.kr/myaccident-content?chartNo=%EC%B0%A844-2&chartType=1
2025-08-06 16:18:50.147 | DEBUG    | __main__:crawl_accident_data:53 - 페이지 44 완료 (총 1건)
2025-08-06 16:18:50.148 | INFO     | __main__:crawl_accident_data:76 - 페이지 44/62 완료 (현재까지 총 78건)
2025-08-06 16:18:50.232 | DEBUG    | __main__:crawl_accident_data:49 - 요청 URL: https://accident.knia.or.kr/myaccident-content?chartNo=%EC%B0%A845-1&chartType=1
2025-08-06 16:18:50.256 | INFO     | __main__:crawl_accident_data:63 - 추출 완료: 차45-1
2025-08-06 16:18:51.345 | DEBUG    | __main__:crawl_accident_data:49 - 요청 URL: https://accident.knia.or.kr/myaccident-content?chartNo=%EC%B0%A845-2&chartType=1
2025-08-06 16:18:51.380 | INFO     | __main__:crawl_accident_data:63 - 추출 완료: 차45-2
2025-08-06 16:18:52.483 | DEBUG    | __main__:crawl_accident_data:49 - 요청 URL: https://accident.knia.or.kr/myaccident-content?chartNo=%EC%B0%A845-3&chartType=1
2025-08-06 16:18:52.502 | INFO     | __main__:crawl_accident_data:63 - 추출 완료: 차45-3
2025-08-06 16:18:53.806 | DEBUG    | __main__:crawl_accident_data:49 - 요청 URL: https://accident.knia.or.kr/myaccident-content?chartNo=%EC%B0%A845-4&chartType=1
2025-08-06 16:18:53.824 | INFO     | __main__:crawl_accident_data:63 - 추출 완료: 차45-4
2025-08-06 16:18:54.910 | DEBUG    | __main__:crawl_accident_data:49 - 요청 URL: https://accident.knia.or.kr/myaccident-content?chartNo=%EC%B0%A845-5&chartType=1
2025-08-06 16:18:54.929 | INFO     | __main__:crawl_accident_data:63 - 추출 완료: 차45-5
2025-08-06 16:18:56.010 | DEBUG    | __main__:crawl_accident_data:49 - 요청 URL: https://accident.knia.or.kr/myaccident-content?chartNo=%EC%B0%A845-6&chartType=1
2025-08-06 16:18:56.032 | INFO     | __main__:crawl_accident_data:63 - 추출 완료: 차45-6
2025-08-06 16:18:57.108 | DEBUG    | __main__:crawl_accident_data:49 - 요청 URL: https://accident.knia.or.kr/myaccident-content?chartNo=%EC%B0%A845-7&chartType=1
2025-08-06 16:18:57.108 | DEBUG    | __main__:crawl_accident_data:53 - 페이지 45 완료 (총 6건)
2025-08-06 16:18:57.109 | INFO     | __main__:crawl_accident_data:76 - 페이지 45/62 완료 (현재까지 총 84건)
2025-08-06 16:18:57.175 | DEBUG    | __main__:crawl_accident_data:49 - 요청 URL: https://accident.knia.or.kr/myaccident-content?chartNo=%EC%B0%A846-1&chartType=1
2025-08-06 16:18:57.197 | INFO     | __main__:crawl_accident_data:63 - 추출 완료: 차46-1
2025-08-06 16:18:58.270 | DEBUG    | __main__:crawl_accident_data:49 - 요청 URL: https://accident.knia.or.kr/myaccident-content?chartNo=%EC%B0%A846-2&chartType=1
2025-08-06 16:18:58.271 | DEBUG    | __main__:crawl_accident_data:53 - 페이지 46 완료 (총 1건)
2025-08-06 16:18:58.271 | INFO     | __main__:crawl_accident_data:76 - 페이지 46/62 완료 (현재까지 총 85건)
2025-08-06 16:18:58.357 | DEBUG    | __main__:crawl_accident_data:49 - 요청 URL: https://accident.knia.or.kr/myaccident-content?chartNo=%EC%B0%A847-1&chartType=1
2025-08-06 16:18:58.375 | INFO     | __main__:crawl_accident_data:63 - 추출 완료: 차47-1
2025-08-06 16:18:59.486 | DEBUG    | __main__:crawl_accident_data:49 - 요청 URL: https://accident.knia.or.kr/myaccident-content?chartNo=%EC%B0%A847-2&chartType=1
2025-08-06 16:18:59.505 | INFO     | __main__:crawl_accident_data:63 - 추출 완료: 차47-2
2025-08-06 16:19:00.624 | DEBUG    | __main__:crawl_accident_data:49 - 요청 URL: https://accident.knia.or.kr/myaccident-content?chartNo=%EC%B0%A847-3&chartType=1
2025-08-06 16:19:00.642 | INFO     | __main__:crawl_accident_data:63 - 추출 완료: 차47-3
2025-08-06 16:19:01.718 | DEBUG    | __main__:crawl_accident_data:49 - 요청 URL: https://accident.knia.or.kr/myaccident-content?chartNo=%EC%B0%A847-4&chartType=1
2025-08-06 16:19:01.719 | DEBUG    | __main__:crawl_accident_data:53 - 페이지 47 완료 (총 3건)
2025-08-06 16:19:01.719 | INFO     | __main__:crawl_accident_data:76 - 페이지 47/62 완료 (현재까지 총 88건)
2025-08-06 16:19:01.814 | DEBUG    | __main__:crawl_accident_data:49 - 요청 URL: https://accident.knia.or.kr/myaccident-content?chartNo=%EC%B0%A848-1&chartType=1
2025-08-06 16:19:01.836 | INFO     | __main__:crawl_accident_data:63 - 추출 완료: 차48-1
2025-08-06 16:19:03.229 | DEBUG    | __main__:crawl_accident_data:49 - 요청 URL: https://accident.knia.or.kr/myaccident-content?chartNo=%EC%B0%A848-2&chartType=1
2025-08-06 16:19:03.231 | DEBUG    | __main__:crawl_accident_data:53 - 페이지 48 완료 (총 1건)
2025-08-06 16:19:03.233 | INFO     | __main__:crawl_accident_data:76 - 페이지 48/62 완료 (현재까지 총 89건)
2025-08-06 16:19:03.314 | DEBUG    | __main__:crawl_accident_data:49 - 요청 URL: https://accident.knia.or.kr/myaccident-content?chartNo=%EC%B0%A849-1&chartType=1
2025-08-06 16:19:03.315 | DEBUG    | __main__:crawl_accident_data:53 - 페이지 49 완료 (총 0건)
2025-08-06 16:19:03.315 | INFO     | __main__:crawl_accident_data:76 - 페이지 49/62 완료 (현재까지 총 89건)
2025-08-06 16:19:03.384 | DEBUG    | __main__:crawl_accident_data:49 - 요청 URL: https://accident.knia.or.kr/myaccident-content?chartNo=%EC%B0%A850-1&chartType=1
2025-08-06 16:19:03.385 | DEBUG    | __main__:crawl_accident_data:53 - 페이지 50 완료 (총 0건)
2025-08-06 16:19:03.386 | INFO     | __main__:crawl_accident_data:76 - 페이지 50/62 완료 (현재까지 총 89건)
2025-08-06 16:19:03.494 | DEBUG    | __main__:crawl_accident_data:49 - 요청 URL: https://accident.knia.or.kr/myaccident-content?chartNo=%EC%B0%A851-1&chartType=1
2025-08-06 16:19:03.518 | INFO     | __main__:crawl_accident_data:63 - 추출 완료: 차51-1
2025-08-06 16:19:04.745 | DEBUG    | __main__:crawl_accident_data:49 - 요청 URL: https://accident.knia.or.kr/myaccident-content?chartNo=%EC%B0%A851-2&chartType=1
2025-08-06 16:19:04.791 | INFO     | __main__:crawl_accident_data:63 - 추출 완료: 차51-2
2025-08-06 16:19:05.882 | DEBUG    | __main__:crawl_accident_data:49 - 요청 URL: https://accident.knia.or.kr/myaccident-content?chartNo=%EC%B0%A851-3&chartType=1
2025-08-06 16:19:05.883 | DEBUG    | __main__:crawl_accident_data:53 - 페이지 51 완료 (총 2건)
2025-08-06 16:19:05.883 | INFO     | __main__:crawl_accident_data:76 - 페이지 51/62 완료 (현재까지 총 91건)
2025-08-06 16:19:05.971 | DEBUG    | __main__:crawl_accident_data:49 - 요청 URL: https://accident.knia.or.kr/myaccident-content?chartNo=%EC%B0%A852-1&chartType=1
2025-08-06 16:19:05.993 | INFO     | __main__:crawl_accident_data:63 - 추출 완료: 차52-1
2025-08-06 16:19:07.081 | DEBUG    | __main__:crawl_accident_data:49 - 요청 URL: https://accident.knia.or.kr/myaccident-content?chartNo=%EC%B0%A852-2&chartType=1
2025-08-06 16:19:07.082 | DEBUG    | __main__:crawl_accident_data:53 - 페이지 52 완료 (총 1건)
2025-08-06 16:19:07.083 | INFO     | __main__:crawl_accident_data:76 - 페이지 52/62 완료 (현재까지 총 92건)
2025-08-06 16:19:07.171 | DEBUG    | __main__:crawl_accident_data:49 - 요청 URL: https://accident.knia.or.kr/myaccident-content?chartNo=%EC%B0%A853-1&chartType=1
2025-08-06 16:19:07.188 | INFO     | __main__:crawl_accident_data:63 - 추출 완료: 차53-1
2025-08-06 16:19:08.299 | DEBUG    | __main__:crawl_accident_data:49 - 요청 URL: https://accident.knia.or.kr/myaccident-content?chartNo=%EC%B0%A853-2&chartType=1
2025-08-06 16:19:08.299 | DEBUG    | __main__:crawl_accident_data:53 - 페이지 53 완료 (총 1건)
2025-08-06 16:19:08.300 | INFO     | __main__:crawl_accident_data:76 - 페이지 53/62 완료 (현재까지 총 93건)
2025-08-06 16:19:08.390 | DEBUG    | __main__:crawl_accident_data:49 - 요청 URL: https://accident.knia.or.kr/myaccident-content?chartNo=%EC%B0%A854-1&chartType=1
2025-08-06 16:19:08.415 | INFO     | __main__:crawl_accident_data:63 - 추출 완료: 차54-1
2025-08-06 16:19:09.576 | DEBUG    | __main__:crawl_accident_data:49 - 요청 URL: https://accident.knia.or.kr/myaccident-content?chartNo=%EC%B0%A854-2&chartType=1
2025-08-06 16:19:09.602 | INFO     | __main__:crawl_accident_data:63 - 추출 완료: 차54-2
2025-08-06 16:19:10.755 | DEBUG    | __main__:crawl_accident_data:49 - 요청 URL: https://accident.knia.or.kr/myaccident-content?chartNo=%EC%B0%A854-3&chartType=1
2025-08-06 16:19:10.777 | INFO     | __main__:crawl_accident_data:63 - 추출 완료: 차54-3
2025-08-06 16:19:11.878 | DEBUG    | __main__:crawl_accident_data:49 - 요청 URL: https://accident.knia.or.kr/myaccident-content?chartNo=%EC%B0%A854-4&chartType=1
2025-08-06 16:19:11.898 | INFO     | __main__:crawl_accident_data:63 - 추출 완료: 차54-4
2025-08-06 16:19:12.996 | DEBUG    | __main__:crawl_accident_data:49 - 요청 URL: https://accident.knia.or.kr/myaccident-content?chartNo=%EC%B0%A854-5&chartType=1
2025-08-06 16:19:13.017 | INFO     | __main__:crawl_accident_data:63 - 추출 완료: 차54-5
2025-08-06 16:19:14.096 | DEBUG    | __main__:crawl_accident_data:49 - 요청 URL: https://accident.knia.or.kr/myaccident-content?chartNo=%EC%B0%A854-6&chartType=1
2025-08-06 16:19:14.097 | DEBUG    | __main__:crawl_accident_data:53 - 페이지 54 완료 (총 5건)
2025-08-06 16:19:14.098 | INFO     | __main__:crawl_accident_data:76 - 페이지 54/62 완료 (현재까지 총 98건)
2025-08-06 16:19:14.197 | DEBUG    | __main__:crawl_accident_data:49 - 요청 URL: https://accident.knia.or.kr/myaccident-content?chartNo=%EC%B0%A855-1&chartType=1
2025-08-06 16:19:14.219 | INFO     | __main__:crawl_accident_data:63 - 추출 완료: 차55-1
2025-08-06 16:19:15.337 | DEBUG    | __main__:crawl_accident_data:49 - 요청 URL: https://accident.knia.or.kr/myaccident-content?chartNo=%EC%B0%A855-2&chartType=1
2025-08-06 16:19:15.356 | INFO     | __main__:crawl_accident_data:63 - 추출 완료: 차55-2
2025-08-06 16:19:16.471 | DEBUG    | __main__:crawl_accident_data:49 - 요청 URL: https://accident.knia.or.kr/myaccident-content?chartNo=%EC%B0%A855-3&chartType=1
2025-08-06 16:19:16.492 | INFO     | __main__:crawl_accident_data:63 - 추출 완료: 차55-3
2025-08-06 16:19:17.604 | DEBUG    | __main__:crawl_accident_data:49 - 요청 URL: https://accident.knia.or.kr/myaccident-content?chartNo=%EC%B0%A855-4&chartType=1
2025-08-06 16:19:17.626 | INFO     | __main__:crawl_accident_data:63 - 추출 완료: 차55-4
2025-08-06 16:19:18.748 | DEBUG    | __main__:crawl_accident_data:49 - 요청 URL: https://accident.knia.or.kr/myaccident-content?chartNo=%EC%B0%A855-5&chartType=1
2025-08-06 16:19:18.771 | INFO     | __main__:crawl_accident_data:63 - 추출 완료: 차55-5
2025-08-06 16:19:19.882 | DEBUG    | __main__:crawl_accident_data:49 - 요청 URL: https://accident.knia.or.kr/myaccident-content?chartNo=%EC%B0%A855-6&chartType=1
2025-08-06 16:19:19.902 | INFO     | __main__:crawl_accident_data:63 - 추출 완료: 차55-6
2025-08-06 16:19:21.012 | DEBUG    | __main__:crawl_accident_data:49 - 요청 URL: https://accident.knia.or.kr/myaccident-content?chartNo=%EC%B0%A855-7&chartType=1
2025-08-06 16:19:21.038 | INFO     | __main__:crawl_accident_data:63 - 추출 완료: 차55-7
2025-08-06 16:19:22.151 | DEBUG    | __main__:crawl_accident_data:49 - 요청 URL: https://accident.knia.or.kr/myaccident-content?chartNo=%EC%B0%A855-8&chartType=1
2025-08-06 16:19:22.152 | DEBUG    | __main__:crawl_accident_data:53 - 페이지 55 완료 (총 7건)
2025-08-06 16:19:22.152 | INFO     | __main__:crawl_accident_data:76 - 페이지 55/62 완료 (현재까지 총 105건)
2025-08-06 16:19:22.234 | DEBUG    | __main__:crawl_accident_data:49 - 요청 URL: https://accident.knia.or.kr/myaccident-content?chartNo=%EC%B0%A856-1&chartType=1
2025-08-06 16:19:22.235 | DEBUG    | __main__:crawl_accident_data:53 - 페이지 56 완료 (총 0건)
2025-08-06 16:19:22.236 | INFO     | __main__:crawl_accident_data:76 - 페이지 56/62 완료 (현재까지 총 105건)
2025-08-06 16:19:22.312 | DEBUG    | __main__:crawl_accident_data:49 - 요청 URL: https://accident.knia.or.kr/myaccident-content?chartNo=%EC%B0%A857-1&chartType=1
2025-08-06 16:19:22.313 | DEBUG    | __main__:crawl_accident_data:53 - 페이지 57 완료 (총 0건)
2025-08-06 16:19:22.313 | INFO     | __main__:crawl_accident_data:76 - 페이지 57/62 완료 (현재까지 총 105건)
2025-08-06 16:19:22.397 | DEBUG    | __main__:crawl_accident_data:49 - 요청 URL: https://accident.knia.or.kr/myaccident-content?chartNo=%EC%B0%A858-1&chartType=1
2025-08-06 16:19:22.397 | DEBUG    | __main__:crawl_accident_data:53 - 페이지 58 완료 (총 0건)
2025-08-06 16:19:22.398 | INFO     | __main__:crawl_accident_data:76 - 페이지 58/62 완료 (현재까지 총 105건)
2025-08-06 16:19:22.492 | DEBUG    | __main__:crawl_accident_data:49 - 요청 URL: https://accident.knia.or.kr/myaccident-content?chartNo=%EC%B0%A859-1&chartType=1
2025-08-06 16:19:22.493 | DEBUG    | __main__:crawl_accident_data:53 - 페이지 59 완료 (총 0건)
2025-08-06 16:19:22.494 | INFO     | __main__:crawl_accident_data:76 - 페이지 59/62 완료 (현재까지 총 105건)
2025-08-06 16:19:22.573 | DEBUG    | __main__:crawl_accident_data:49 - 요청 URL: https://accident.knia.or.kr/myaccident-content?chartNo=%EC%B0%A860-1&chartType=1
2025-08-06 16:19:22.573 | DEBUG    | __main__:crawl_accident_data:53 - 페이지 60 완료 (총 0건)
2025-08-06 16:19:22.574 | INFO     | __main__:crawl_accident_data:76 - 페이지 60/62 완료 (현재까지 총 105건)
2025-08-06 16:19:22.666 | DEBUG    | __main__:crawl_accident_data:49 - 요청 URL: https://accident.knia.or.kr/myaccident-content?chartNo=%EC%B0%A861-1&chartType=1
2025-08-06 16:19:22.702 | INFO     | __main__:crawl_accident_data:63 - 추출 완료: 차61-1
2025-08-06 16:19:23.833 | DEBUG    | __main__:crawl_accident_data:49 - 요청 URL: https://accident.knia.or.kr/myaccident-content?chartNo=%EC%B0%A861-2&chartType=1
2025-08-06 16:19:23.853 | INFO     | __main__:crawl_accident_data:63 - 추출 완료: 차61-2
2025-08-06 16:19:24.959 | DEBUG    | __main__:crawl_accident_data:49 - 요청 URL: https://accident.knia.or.kr/myaccident-content?chartNo=%EC%B0%A861-3&chartType=1
2025-08-06 16:19:24.980 | INFO     | __main__:crawl_accident_data:63 - 추출 완료: 차61-3
2025-08-06 16:19:26.054 | DEBUG    | __main__:crawl_accident_data:49 - 요청 URL: https://accident.knia.or.kr/myaccident-content?chartNo=%EC%B0%A861-4&chartType=1
2025-08-06 16:19:26.055 | DEBUG    | __main__:crawl_accident_data:53 - 페이지 61 완료 (총 3건)
2025-08-06 16:19:26.055 | INFO     | __main__:crawl_accident_data:76 - 페이지 61/62 완료 (현재까지 총 108건)
2025-08-06 16:19:26.130 | DEBUG    | __main__:crawl_accident_data:49 - 요청 URL: https://accident.knia.or.kr/myaccident-content?chartNo=%EC%B0%A862-1&chartType=1
2025-08-06 16:19:26.131 | DEBUG    | __main__:crawl_accident_data:53 - 페이지 62 완료 (총 0건)
2025-08-06 16:19:26.132 | INFO     | __main__:crawl_accident_data:76 - 페이지 62/62 완료 (현재까지 총 108건)
2025-08-06 16:19:26.134 | INFO     | __main__:_save_data:141 - 데이터 저장 완료: data\cases\accident_cases.json
2025-08-06 16:19:26.134 | INFO     | __main__:crawl_accident_data:82 - 크롤링 완료! 총 108건 수집, data\cases\accident_cases.json에 저장
2025-08-07 10:54:15.891 | INFO     | src.data_processing.web_crawler:crawl_accident_data:27 - 크롤링 시작: 최대 5페이지
2025-08-07 10:54:16.002 | DEBUG    | src.data_processing.web_crawler:crawl_accident_data:49 - 요청 URL: https://accident.knia.or.kr/myaccident-content?chartNo=%EC%B0%A81-1&chartType=1
2025-08-07 10:54:16.021 | INFO     | src.data_processing.web_crawler:crawl_accident_data:63 - 추출 완료: 차1-1
2025-08-07 10:54:16.627 | DEBUG    | src.data_processing.web_crawler:crawl_accident_data:49 - 요청 URL: https://accident.knia.or.kr/myaccident-content?chartNo=%EC%B0%A81-2&chartType=1
2025-08-07 10:54:16.653 | INFO     | src.data_processing.web_crawler:crawl_accident_data:63 - 추출 완료: 차1-2
2025-08-07 10:54:17.240 | DEBUG    | src.data_processing.web_crawler:crawl_accident_data:49 - 요청 URL: https://accident.knia.or.kr/myaccident-content?chartNo=%EC%B0%A81-3&chartType=1
2025-08-07 10:54:17.260 | INFO     | src.data_processing.web_crawler:crawl_accident_data:63 - 추출 완료: 차1-3
2025-08-07 10:54:17.871 | DEBUG    | src.data_processing.web_crawler:crawl_accident_data:49 - 요청 URL: https://accident.knia.or.kr/myaccident-content?chartNo=%EC%B0%A81-4&chartType=1
2025-08-07 10:54:17.895 | INFO     | src.data_processing.web_crawler:crawl_accident_data:63 - 추출 완료: 차1-4
2025-08-07 10:54:18.515 | DEBUG    | src.data_processing.web_crawler:crawl_accident_data:49 - 요청 URL: https://accident.knia.or.kr/myaccident-content?chartNo=%EC%B0%A81-5&chartType=1
2025-08-07 10:54:18.548 | INFO     | src.data_processing.web_crawler:crawl_accident_data:63 - 추출 완료: 차1-5
2025-08-07 10:54:19.126 | DEBUG    | src.data_processing.web_crawler:crawl_accident_data:49 - 요청 URL: https://accident.knia.or.kr/myaccident-content?chartNo=%EC%B0%A81-6&chartType=1
2025-08-07 10:54:19.126 | DEBUG    | src.data_processing.web_crawler:crawl_accident_data:53 - 페이지 1 완료 (총 5건)
2025-08-07 10:54:19.127 | INFO     | src.data_processing.web_crawler:crawl_accident_data:76 - 페이지 1/5 완료 (현재까지 총 5건)
2025-08-07 10:54:19.227 | DEBUG    | src.data_processing.web_crawler:crawl_accident_data:49 - 요청 URL: https://accident.knia.or.kr/myaccident-content?chartNo=%EC%B0%A82-1&chartType=1
2025-08-07 10:54:19.247 | INFO     | src.data_processing.web_crawler:crawl_accident_data:63 - 추출 완료: 차2-1
2025-08-07 10:54:19.914 | DEBUG    | src.data_processing.web_crawler:crawl_accident_data:49 - 요청 URL: https://accident.knia.or.kr/myaccident-content?chartNo=%EC%B0%A82-2&chartType=1
2025-08-07 10:54:19.961 | INFO     | src.data_processing.web_crawler:crawl_accident_data:63 - 추출 완료: 차2-2
2025-08-07 10:54:20.554 | DEBUG    | src.data_processing.web_crawler:crawl_accident_data:49 - 요청 URL: https://accident.knia.or.kr/myaccident-content?chartNo=%EC%B0%A82-3&chartType=1
2025-08-07 10:54:20.575 | INFO     | src.data_processing.web_crawler:crawl_accident_data:63 - 추출 완료: 차2-3
2025-08-07 10:54:21.183 | DEBUG    | src.data_processing.web_crawler:crawl_accident_data:49 - 요청 URL: https://accident.knia.or.kr/myaccident-content?chartNo=%EC%B0%A82-4&chartType=1
2025-08-07 10:54:21.205 | INFO     | src.data_processing.web_crawler:crawl_accident_data:63 - 추출 완료: 차2-4
2025-08-07 10:54:21.777 | DEBUG    | src.data_processing.web_crawler:crawl_accident_data:49 - 요청 URL: https://accident.knia.or.kr/myaccident-content?chartNo=%EC%B0%A82-5&chartType=1
2025-08-07 10:54:21.798 | INFO     | src.data_processing.web_crawler:crawl_accident_data:63 - 추출 완료: 차2-5
2025-08-07 10:54:22.398 | DEBUG    | src.data_processing.web_crawler:crawl_accident_data:49 - 요청 URL: https://accident.knia.or.kr/myaccident-content?chartNo=%EC%B0%A82-6&chartType=1
2025-08-07 10:54:22.418 | INFO     | src.data_processing.web_crawler:crawl_accident_data:63 - 추출 완료: 차2-6
2025-08-07 10:54:23.017 | DEBUG    | src.data_processing.web_crawler:crawl_accident_data:49 - 요청 URL: https://accident.knia.or.kr/myaccident-content?chartNo=%EC%B0%A82-7&chartType=1
2025-08-07 10:54:23.018 | DEBUG    | src.data_processing.web_crawler:crawl_accident_data:53 - 페이지 2 완료 (총 6건)
2025-08-07 10:54:23.018 | INFO     | src.data_processing.web_crawler:crawl_accident_data:76 - 페이지 2/5 완료 (현재까지 총 11건)
2025-08-07 10:54:23.085 | DEBUG    | src.data_processing.web_crawler:crawl_accident_data:49 - 요청 URL: https://accident.knia.or.kr/myaccident-content?chartNo=%EC%B0%A83-1&chartType=1
2025-08-07 10:54:23.106 | INFO     | src.data_processing.web_crawler:crawl_accident_data:63 - 추출 완료: 차3-1
2025-08-07 10:54:23.713 | DEBUG    | src.data_processing.web_crawler:crawl_accident_data:49 - 요청 URL: https://accident.knia.or.kr/myaccident-content?chartNo=%EC%B0%A83-2&chartType=1
2025-08-07 10:54:23.734 | INFO     | src.data_processing.web_crawler:crawl_accident_data:63 - 추출 완료: 차3-2
2025-08-07 10:54:24.339 | DEBUG    | src.data_processing.web_crawler:crawl_accident_data:49 - 요청 URL: https://accident.knia.or.kr/myaccident-content?chartNo=%EC%B0%A83-3&chartType=1
2025-08-07 10:54:24.368 | INFO     | src.data_processing.web_crawler:crawl_accident_data:63 - 추출 완료: 차3-3
2025-08-07 10:54:24.964 | DEBUG    | src.data_processing.web_crawler:crawl_accident_data:49 - 요청 URL: https://accident.knia.or.kr/myaccident-content?chartNo=%EC%B0%A83-4&chartType=1
2025-08-07 10:54:24.985 | INFO     | src.data_processing.web_crawler:crawl_accident_data:63 - 추출 완료: 차3-4
2025-08-07 10:54:25.592 | DEBUG    | src.data_processing.web_crawler:crawl_accident_data:49 - 요청 URL: https://accident.knia.or.kr/myaccident-content?chartNo=%EC%B0%A83-5&chartType=1
2025-08-07 10:54:25.614 | INFO     | src.data_processing.web_crawler:crawl_accident_data:63 - 추출 완료: 차3-5
2025-08-07 10:54:26.195 | DEBUG    | src.data_processing.web_crawler:crawl_accident_data:49 - 요청 URL: https://accident.knia.or.kr/myaccident-content?chartNo=%EC%B0%A83-6&chartType=1
2025-08-07 10:54:26.213 | INFO     | src.data_processing.web_crawler:crawl_accident_data:63 - 추출 완료: 차3-6
2025-08-07 10:54:26.809 | DEBUG    | src.data_processing.web_crawler:crawl_accident_data:49 - 요청 URL: https://accident.knia.or.kr/myaccident-content?chartNo=%EC%B0%A83-7&chartType=1
2025-08-07 10:54:26.830 | INFO     | src.data_processing.web_crawler:crawl_accident_data:63 - 추출 완료: 차3-7
2025-08-07 10:54:27.433 | DEBUG    | src.data_processing.web_crawler:crawl_accident_data:49 - 요청 URL: https://accident.knia.or.kr/myaccident-content?chartNo=%EC%B0%A83-8&chartType=1
2025-08-07 10:54:27.455 | INFO     | src.data_processing.web_crawler:crawl_accident_data:63 - 추출 완료: 차3-8
2025-08-07 10:54:28.038 | DEBUG    | src.data_processing.web_crawler:crawl_accident_data:49 - 요청 URL: https://accident.knia.or.kr/myaccident-content?chartNo=%EC%B0%A83-9&chartType=1
2025-08-07 10:54:28.039 | DEBUG    | src.data_processing.web_crawler:crawl_accident_data:53 - 페이지 3 완료 (총 8건)
2025-08-07 10:54:28.039 | INFO     | src.data_processing.web_crawler:crawl_accident_data:76 - 페이지 3/5 완료 (현재까지 총 19건)
2025-08-07 10:54:28.133 | DEBUG    | src.data_processing.web_crawler:crawl_accident_data:49 - 요청 URL: https://accident.knia.or.kr/myaccident-content?chartNo=%EC%B0%A84-1&chartType=1
2025-08-07 10:54:28.166 | INFO     | src.data_processing.web_crawler:crawl_accident_data:63 - 추출 완료: 차4-1
2025-08-07 10:54:28.770 | DEBUG    | src.data_processing.web_crawler:crawl_accident_data:49 - 요청 URL: https://accident.knia.or.kr/myaccident-content?chartNo=%EC%B0%A84-2&chartType=1
2025-08-07 10:54:28.790 | INFO     | src.data_processing.web_crawler:crawl_accident_data:63 - 추출 완료: 차4-2
2025-08-07 10:54:29.368 | DEBUG    | src.data_processing.web_crawler:crawl_accident_data:49 - 요청 URL: https://accident.knia.or.kr/myaccident-content?chartNo=%EC%B0%A84-3&chartType=1
2025-08-07 10:54:29.368 | DEBUG    | src.data_processing.web_crawler:crawl_accident_data:53 - 페이지 4 완료 (총 2건)
2025-08-07 10:54:29.369 | INFO     | src.data_processing.web_crawler:crawl_accident_data:76 - 페이지 4/5 완료 (현재까지 총 21건)
2025-08-07 10:54:29.475 | DEBUG    | src.data_processing.web_crawler:crawl_accident_data:49 - 요청 URL: https://accident.knia.or.kr/myaccident-content?chartNo=%EC%B0%A85-1&chartType=1
2025-08-07 10:54:29.503 | INFO     | src.data_processing.web_crawler:crawl_accident_data:63 - 추출 완료: 차5-1
2025-08-07 10:54:30.110 | DEBUG    | src.data_processing.web_crawler:crawl_accident_data:49 - 요청 URL: https://accident.knia.or.kr/myaccident-content?chartNo=%EC%B0%A85-2&chartType=1
2025-08-07 10:54:30.130 | INFO     | src.data_processing.web_crawler:crawl_accident_data:63 - 추출 완료: 차5-2
2025-08-07 10:54:30.718 | DEBUG    | src.data_processing.web_crawler:crawl_accident_data:49 - 요청 URL: https://accident.knia.or.kr/myaccident-content?chartNo=%EC%B0%A85-3&chartType=1
2025-08-07 10:54:30.719 | DEBUG    | src.data_processing.web_crawler:crawl_accident_data:53 - 페이지 5 완료 (총 2건)
2025-08-07 10:54:30.720 | INFO     | src.data_processing.web_crawler:crawl_accident_data:76 - 페이지 5/5 완료 (현재까지 총 23건)
2025-08-07 10:54:30.721 | INFO     | src.data_processing.web_crawler:_save_data:141 - 데이터 저장 완료: data\cases\accident_cases.json
2025-08-07 10:54:30.722 | INFO     | src.data_processing.web_crawler:crawl_accident_data:82 - 크롤링 완료! 총 23건 수집, data\cases\accident_cases.json에 저장
2025-08-07 10:54:32.839 | INFO     | src.rag_system.document_processor:__init__:54 - 문서 처리기 초기화 완료
2025-08-07 10:54:32.840 | INFO     | src.rag_system.document_processor:load_accident_cases:90 - 교통사고 판례 23건 로드 완료
2025-08-07 10:54:32.841 | INFO     | src.rag_system.document_processor:process_and_store_documents:137 - 문서 분할 시작...
2025-08-07 10:54:32.842 | INFO     | src.rag_system.document_processor:process_and_store_documents:139 - 총 23개 청크 생성
2025-08-07 10:54:32.842 | INFO     | src.rag_system.document_processor:process_and_store_documents:142 - 벡터 임베딩 및 저장 시작...
2025-08-07 10:54:33.746 | ERROR    | src.rag_system.document_processor:process_and_store_documents:154 - 문서 처리 및 저장 실패: The onnxruntime python package is not installed. Please install it with `pip install onnxruntime`
2025-08-07 10:58:25.994 | INFO     | src.data_processing.web_crawler:crawl_accident_data:27 - 크롤링 시작: 최대 5페이지
2025-08-07 10:58:26.088 | DEBUG    | src.data_processing.web_crawler:crawl_accident_data:49 - 요청 URL: https://accident.knia.or.kr/myaccident-content?chartNo=%EC%B0%A81-1&chartType=1
2025-08-07 10:58:26.107 | INFO     | src.data_processing.web_crawler:crawl_accident_data:63 - 추출 완료: 차1-1
2025-08-07 10:58:26.744 | DEBUG    | src.data_processing.web_crawler:crawl_accident_data:49 - 요청 URL: https://accident.knia.or.kr/myaccident-content?chartNo=%EC%B0%A81-2&chartType=1
2025-08-07 10:58:26.766 | INFO     | src.data_processing.web_crawler:crawl_accident_data:63 - 추출 완료: 차1-2
2025-08-07 10:58:27.414 | DEBUG    | src.data_processing.web_crawler:crawl_accident_data:49 - 요청 URL: https://accident.knia.or.kr/myaccident-content?chartNo=%EC%B0%A81-3&chartType=1
2025-08-07 10:58:27.432 | INFO     | src.data_processing.web_crawler:crawl_accident_data:63 - 추출 완료: 차1-3
2025-08-07 10:58:28.026 | DEBUG    | src.data_processing.web_crawler:crawl_accident_data:49 - 요청 URL: https://accident.knia.or.kr/myaccident-content?chartNo=%EC%B0%A81-4&chartType=1
2025-08-07 10:58:28.045 | INFO     | src.data_processing.web_crawler:crawl_accident_data:63 - 추출 완료: 차1-4
2025-08-07 10:58:28.664 | DEBUG    | src.data_processing.web_crawler:crawl_accident_data:49 - 요청 URL: https://accident.knia.or.kr/myaccident-content?chartNo=%EC%B0%A81-5&chartType=1
2025-08-07 10:58:28.684 | INFO     | src.data_processing.web_crawler:crawl_accident_data:63 - 추출 완료: 차1-5
2025-08-07 10:58:29.272 | DEBUG    | src.data_processing.web_crawler:crawl_accident_data:49 - 요청 URL: https://accident.knia.or.kr/myaccident-content?chartNo=%EC%B0%A81-6&chartType=1
2025-08-07 10:58:29.273 | DEBUG    | src.data_processing.web_crawler:crawl_accident_data:53 - 페이지 1 완료 (총 5건)
2025-08-07 10:58:29.274 | INFO     | src.data_processing.web_crawler:crawl_accident_data:76 - 페이지 1/5 완료 (현재까지 총 5건)
2025-08-07 10:58:29.638 | DEBUG    | src.data_processing.web_crawler:crawl_accident_data:49 - 요청 URL: https://accident.knia.or.kr/myaccident-content?chartNo=%EC%B0%A82-1&chartType=1
2025-08-07 10:58:29.663 | INFO     | src.data_processing.web_crawler:crawl_accident_data:63 - 추출 완료: 차2-1
2025-08-07 10:58:30.269 | DEBUG    | src.data_processing.web_crawler:crawl_accident_data:49 - 요청 URL: https://accident.knia.or.kr/myaccident-content?chartNo=%EC%B0%A82-2&chartType=1
2025-08-07 10:58:30.293 | INFO     | src.data_processing.web_crawler:crawl_accident_data:63 - 추출 완료: 차2-2
2025-08-07 10:58:30.898 | DEBUG    | src.data_processing.web_crawler:crawl_accident_data:49 - 요청 URL: https://accident.knia.or.kr/myaccident-content?chartNo=%EC%B0%A82-3&chartType=1
2025-08-07 10:58:30.917 | INFO     | src.data_processing.web_crawler:crawl_accident_data:63 - 추출 완료: 차2-3
2025-08-07 10:58:31.974 | DEBUG    | src.data_processing.web_crawler:crawl_accident_data:49 - 요청 URL: https://accident.knia.or.kr/myaccident-content?chartNo=%EC%B0%A82-4&chartType=1
2025-08-07 10:58:32.020 | INFO     | src.data_processing.web_crawler:crawl_accident_data:63 - 추출 완료: 차2-4
2025-08-07 10:58:32.632 | DEBUG    | src.data_processing.web_crawler:crawl_accident_data:49 - 요청 URL: https://accident.knia.or.kr/myaccident-content?chartNo=%EC%B0%A82-5&chartType=1
2025-08-07 10:58:32.654 | INFO     | src.data_processing.web_crawler:crawl_accident_data:63 - 추출 완료: 차2-5
2025-08-07 10:58:33.259 | DEBUG    | src.data_processing.web_crawler:crawl_accident_data:49 - 요청 URL: https://accident.knia.or.kr/myaccident-content?chartNo=%EC%B0%A82-6&chartType=1
2025-08-07 10:58:33.283 | INFO     | src.data_processing.web_crawler:crawl_accident_data:63 - 추출 완료: 차2-6
2025-08-07 10:58:33.871 | DEBUG    | src.data_processing.web_crawler:crawl_accident_data:49 - 요청 URL: https://accident.knia.or.kr/myaccident-content?chartNo=%EC%B0%A82-7&chartType=1
2025-08-07 10:58:33.872 | DEBUG    | src.data_processing.web_crawler:crawl_accident_data:53 - 페이지 2 완료 (총 6건)
2025-08-07 10:58:33.872 | INFO     | src.data_processing.web_crawler:crawl_accident_data:76 - 페이지 2/5 완료 (현재까지 총 11건)
2025-08-07 10:58:33.955 | DEBUG    | src.data_processing.web_crawler:crawl_accident_data:49 - 요청 URL: https://accident.knia.or.kr/myaccident-content?chartNo=%EC%B0%A83-1&chartType=1
2025-08-07 10:58:33.977 | INFO     | src.data_processing.web_crawler:crawl_accident_data:63 - 추출 완료: 차3-1
2025-08-07 10:58:34.603 | DEBUG    | src.data_processing.web_crawler:crawl_accident_data:49 - 요청 URL: https://accident.knia.or.kr/myaccident-content?chartNo=%EC%B0%A83-2&chartType=1
2025-08-07 10:58:34.627 | INFO     | src.data_processing.web_crawler:crawl_accident_data:63 - 추출 완료: 차3-2
2025-08-07 10:58:35.230 | DEBUG    | src.data_processing.web_crawler:crawl_accident_data:49 - 요청 URL: https://accident.knia.or.kr/myaccident-content?chartNo=%EC%B0%A83-3&chartType=1
2025-08-07 10:58:35.250 | INFO     | src.data_processing.web_crawler:crawl_accident_data:63 - 추출 완료: 차3-3
2025-08-07 10:58:35.870 | DEBUG    | src.data_processing.web_crawler:crawl_accident_data:49 - 요청 URL: https://accident.knia.or.kr/myaccident-content?chartNo=%EC%B0%A83-4&chartType=1
2025-08-07 10:58:35.894 | INFO     | src.data_processing.web_crawler:crawl_accident_data:63 - 추출 완료: 차3-4
2025-08-07 10:58:36.502 | DEBUG    | src.data_processing.web_crawler:crawl_accident_data:49 - 요청 URL: https://accident.knia.or.kr/myaccident-content?chartNo=%EC%B0%A83-5&chartType=1
2025-08-07 10:58:36.527 | INFO     | src.data_processing.web_crawler:crawl_accident_data:63 - 추출 완료: 차3-5
2025-08-07 10:58:37.131 | DEBUG    | src.data_processing.web_crawler:crawl_accident_data:49 - 요청 URL: https://accident.knia.or.kr/myaccident-content?chartNo=%EC%B0%A83-6&chartType=1
2025-08-07 10:58:37.149 | INFO     | src.data_processing.web_crawler:crawl_accident_data:63 - 추출 완료: 차3-6
2025-08-07 10:58:37.751 | DEBUG    | src.data_processing.web_crawler:crawl_accident_data:49 - 요청 URL: https://accident.knia.or.kr/myaccident-content?chartNo=%EC%B0%A83-7&chartType=1
2025-08-07 10:58:37.771 | INFO     | src.data_processing.web_crawler:crawl_accident_data:63 - 추출 완료: 차3-7
2025-08-07 10:58:38.376 | DEBUG    | src.data_processing.web_crawler:crawl_accident_data:49 - 요청 URL: https://accident.knia.or.kr/myaccident-content?chartNo=%EC%B0%A83-8&chartType=1
2025-08-07 10:58:38.396 | INFO     | src.data_processing.web_crawler:crawl_accident_data:63 - 추출 완료: 차3-8
2025-08-07 10:58:38.981 | DEBUG    | src.data_processing.web_crawler:crawl_accident_data:49 - 요청 URL: https://accident.knia.or.kr/myaccident-content?chartNo=%EC%B0%A83-9&chartType=1
2025-08-07 10:58:38.981 | DEBUG    | src.data_processing.web_crawler:crawl_accident_data:53 - 페이지 3 완료 (총 8건)
2025-08-07 10:58:38.981 | INFO     | src.data_processing.web_crawler:crawl_accident_data:76 - 페이지 3/5 완료 (현재까지 총 19건)
2025-08-07 10:58:39.053 | DEBUG    | src.data_processing.web_crawler:crawl_accident_data:49 - 요청 URL: https://accident.knia.or.kr/myaccident-content?chartNo=%EC%B0%A84-1&chartType=1
2025-08-07 10:58:39.074 | INFO     | src.data_processing.web_crawler:crawl_accident_data:63 - 추출 완료: 차4-1
2025-08-07 10:58:39.672 | DEBUG    | src.data_processing.web_crawler:crawl_accident_data:49 - 요청 URL: https://accident.knia.or.kr/myaccident-content?chartNo=%EC%B0%A84-2&chartType=1
2025-08-07 10:58:39.694 | INFO     | src.data_processing.web_crawler:crawl_accident_data:63 - 추출 완료: 차4-2
2025-08-07 10:58:40.277 | DEBUG    | src.data_processing.web_crawler:crawl_accident_data:49 - 요청 URL: https://accident.knia.or.kr/myaccident-content?chartNo=%EC%B0%A84-3&chartType=1
2025-08-07 10:58:40.278 | DEBUG    | src.data_processing.web_crawler:crawl_accident_data:53 - 페이지 4 완료 (총 2건)
2025-08-07 10:58:40.278 | INFO     | src.data_processing.web_crawler:crawl_accident_data:76 - 페이지 4/5 완료 (현재까지 총 21건)
2025-08-07 10:58:40.391 | DEBUG    | src.data_processing.web_crawler:crawl_accident_data:49 - 요청 URL: https://accident.knia.or.kr/myaccident-content?chartNo=%EC%B0%A85-1&chartType=1
2025-08-07 10:58:40.419 | INFO     | src.data_processing.web_crawler:crawl_accident_data:63 - 추출 완료: 차5-1
2025-08-07 10:58:41.026 | DEBUG    | src.data_processing.web_crawler:crawl_accident_data:49 - 요청 URL: https://accident.knia.or.kr/myaccident-content?chartNo=%EC%B0%A85-2&chartType=1
2025-08-07 10:58:41.045 | INFO     | src.data_processing.web_crawler:crawl_accident_data:63 - 추출 완료: 차5-2
2025-08-07 10:58:41.641 | DEBUG    | src.data_processing.web_crawler:crawl_accident_data:49 - 요청 URL: https://accident.knia.or.kr/myaccident-content?chartNo=%EC%B0%A85-3&chartType=1
2025-08-07 10:58:41.642 | DEBUG    | src.data_processing.web_crawler:crawl_accident_data:53 - 페이지 5 완료 (총 2건)
2025-08-07 10:58:41.642 | INFO     | src.data_processing.web_crawler:crawl_accident_data:76 - 페이지 5/5 완료 (현재까지 총 23건)
2025-08-07 10:58:41.643 | INFO     | src.data_processing.web_crawler:_save_data:141 - 데이터 저장 완료: data\cases\accident_cases.json
2025-08-07 10:58:41.644 | INFO     | src.data_processing.web_crawler:crawl_accident_data:82 - 크롤링 완료! 총 23건 수집, data\cases\accident_cases.json에 저장
2025-08-07 10:58:42.519 | INFO     | src.rag_system.document_processor:__init__:54 - 문서 처리기 초기화 완료
2025-08-07 10:58:42.521 | INFO     | src.rag_system.document_processor:load_accident_cases:90 - 교통사고 판례 23건 로드 완료
2025-08-07 10:58:42.521 | INFO     | src.rag_system.document_processor:process_and_store_documents:137 - 문서 분할 시작...
2025-08-07 10:58:42.523 | INFO     | src.rag_system.document_processor:process_and_store_documents:139 - 총 23개 청크 생성
2025-08-07 10:58:42.523 | INFO     | src.rag_system.document_processor:process_and_store_documents:142 - 벡터 임베딩 및 저장 시작...
2025-08-07 10:58:43.441 | ERROR    | src.rag_system.document_processor:process_and_store_documents:154 - 문서 처리 및 저장 실패: The onnxruntime python package is not installed. Please install it with `pip install onnxruntime`
2025-08-07 10:58:46.592 | INFO     | src.rag_system.document_processor:__init__:54 - 문서 처리기 초기화 완료
2025-08-07 10:58:46.593 | INFO     | src.rag_system.document_processor:load_accident_cases:90 - 교통사고 판례 23건 로드 완료
2025-08-07 10:58:46.594 | INFO     | src.rag_system.document_processor:process_and_store_documents:137 - 문서 분할 시작...
2025-08-07 10:58:46.595 | INFO     | src.rag_system.document_processor:process_and_store_documents:139 - 총 23개 청크 생성
2025-08-07 10:58:46.595 | INFO     | src.rag_system.document_processor:process_and_store_documents:142 - 벡터 임베딩 및 저장 시작...
2025-08-07 10:58:47.522 | ERROR    | src.rag_system.document_processor:process_and_store_documents:154 - 문서 처리 및 저장 실패: The onnxruntime python package is not installed. Please install it with `pip install onnxruntime`
2025-08-07 10:58:48.713 | INFO     | src.rag_system.document_processor:__init__:54 - 문서 처리기 초기화 완료
2025-08-07 10:58:48.715 | INFO     | src.rag_system.document_processor:load_accident_cases:90 - 교통사고 판례 23건 로드 완료
2025-08-07 10:58:48.716 | INFO     | src.rag_system.document_processor:process_and_store_documents:137 - 문서 분할 시작...
2025-08-07 10:58:48.717 | INFO     | src.rag_system.document_processor:process_and_store_documents:139 - 총 23개 청크 생성
2025-08-07 10:58:48.717 | INFO     | src.rag_system.document_processor:process_and_store_documents:142 - 벡터 임베딩 및 저장 시작...
2025-08-07 10:58:49.636 | ERROR    | src.rag_system.document_processor:process_and_store_documents:154 - 문서 처리 및 저장 실패: The onnxruntime python package is not installed. Please install it with `pip install onnxruntime`
2025-08-07 11:14:48.083 | INFO     | src.data_processing.web_crawler:crawl_accident_data:27 - 크롤링 시작: 최대 5페이지
2025-08-07 11:14:48.174 | DEBUG    | src.data_processing.web_crawler:crawl_accident_data:49 - 요청 URL: https://accident.knia.or.kr/myaccident-content?chartNo=%EC%B0%A81-1&chartType=1
2025-08-07 11:14:48.193 | INFO     | src.data_processing.web_crawler:crawl_accident_data:63 - 추출 완료: 차1-1
2025-08-07 11:14:48.779 | DEBUG    | src.data_processing.web_crawler:crawl_accident_data:49 - 요청 URL: https://accident.knia.or.kr/myaccident-content?chartNo=%EC%B0%A81-2&chartType=1
2025-08-07 11:14:48.802 | INFO     | src.data_processing.web_crawler:crawl_accident_data:63 - 추출 완료: 차1-2
2025-08-07 11:14:49.400 | DEBUG    | src.data_processing.web_crawler:crawl_accident_data:49 - 요청 URL: https://accident.knia.or.kr/myaccident-content?chartNo=%EC%B0%A81-3&chartType=1
2025-08-07 11:14:49.418 | INFO     | src.data_processing.web_crawler:crawl_accident_data:63 - 추출 완료: 차1-3
2025-08-07 11:14:50.013 | DEBUG    | src.data_processing.web_crawler:crawl_accident_data:49 - 요청 URL: https://accident.knia.or.kr/myaccident-content?chartNo=%EC%B0%A81-4&chartType=1
2025-08-07 11:14:50.031 | INFO     | src.data_processing.web_crawler:crawl_accident_data:63 - 추출 완료: 차1-4
2025-08-07 11:14:50.680 | DEBUG    | src.data_processing.web_crawler:crawl_accident_data:49 - 요청 URL: https://accident.knia.or.kr/myaccident-content?chartNo=%EC%B0%A81-5&chartType=1
2025-08-07 11:14:50.706 | INFO     | src.data_processing.web_crawler:crawl_accident_data:63 - 추출 완료: 차1-5
2025-08-07 11:14:51.292 | DEBUG    | src.data_processing.web_crawler:crawl_accident_data:49 - 요청 URL: https://accident.knia.or.kr/myaccident-content?chartNo=%EC%B0%A81-6&chartType=1
2025-08-07 11:14:51.295 | DEBUG    | src.data_processing.web_crawler:crawl_accident_data:53 - 페이지 1 완료 (총 5건)
2025-08-07 11:14:51.297 | INFO     | src.data_processing.web_crawler:crawl_accident_data:76 - 페이지 1/5 완료 (현재까지 총 5건)
2025-08-07 11:14:51.393 | DEBUG    | src.data_processing.web_crawler:crawl_accident_data:49 - 요청 URL: https://accident.knia.or.kr/myaccident-content?chartNo=%EC%B0%A82-1&chartType=1
2025-08-07 11:14:51.413 | INFO     | src.data_processing.web_crawler:crawl_accident_data:63 - 추출 완료: 차2-1
2025-08-07 11:14:52.016 | DEBUG    | src.data_processing.web_crawler:crawl_accident_data:49 - 요청 URL: https://accident.knia.or.kr/myaccident-content?chartNo=%EC%B0%A82-2&chartType=1
2025-08-07 11:14:52.035 | INFO     | src.data_processing.web_crawler:crawl_accident_data:63 - 추출 완료: 차2-2
2025-08-07 11:14:53.636 | DEBUG    | src.data_processing.web_crawler:crawl_accident_data:49 - 요청 URL: https://accident.knia.or.kr/myaccident-content?chartNo=%EC%B0%A82-3&chartType=1
2025-08-07 11:14:53.685 | INFO     | src.data_processing.web_crawler:crawl_accident_data:63 - 추출 완료: 차2-3
2025-08-07 11:14:54.285 | DEBUG    | src.data_processing.web_crawler:crawl_accident_data:49 - 요청 URL: https://accident.knia.or.kr/myaccident-content?chartNo=%EC%B0%A82-4&chartType=1
2025-08-07 11:14:54.308 | INFO     | src.data_processing.web_crawler:crawl_accident_data:63 - 추출 완료: 차2-4
2025-08-07 11:14:54.921 | DEBUG    | src.data_processing.web_crawler:crawl_accident_data:49 - 요청 URL: https://accident.knia.or.kr/myaccident-content?chartNo=%EC%B0%A82-5&chartType=1
2025-08-07 11:14:54.943 | INFO     | src.data_processing.web_crawler:crawl_accident_data:63 - 추출 완료: 차2-5
2025-08-07 11:14:55.548 | DEBUG    | src.data_processing.web_crawler:crawl_accident_data:49 - 요청 URL: https://accident.knia.or.kr/myaccident-content?chartNo=%EC%B0%A82-6&chartType=1
2025-08-07 11:14:55.569 | INFO     | src.data_processing.web_crawler:crawl_accident_data:63 - 추출 완료: 차2-6
2025-08-07 11:14:56.148 | DEBUG    | src.data_processing.web_crawler:crawl_accident_data:49 - 요청 URL: https://accident.knia.or.kr/myaccident-content?chartNo=%EC%B0%A82-7&chartType=1
2025-08-07 11:14:56.148 | DEBUG    | src.data_processing.web_crawler:crawl_accident_data:53 - 페이지 2 완료 (총 6건)
2025-08-07 11:14:56.149 | INFO     | src.data_processing.web_crawler:crawl_accident_data:76 - 페이지 2/5 완료 (현재까지 총 11건)
2025-08-07 11:14:56.258 | DEBUG    | src.data_processing.web_crawler:crawl_accident_data:49 - 요청 URL: https://accident.knia.or.kr/myaccident-content?chartNo=%EC%B0%A83-1&chartType=1
2025-08-07 11:14:56.277 | INFO     | src.data_processing.web_crawler:crawl_accident_data:63 - 추출 완료: 차3-1
2025-08-07 11:14:56.879 | DEBUG    | src.data_processing.web_crawler:crawl_accident_data:49 - 요청 URL: https://accident.knia.or.kr/myaccident-content?chartNo=%EC%B0%A83-2&chartType=1
2025-08-07 11:14:56.900 | INFO     | src.data_processing.web_crawler:crawl_accident_data:63 - 추출 완료: 차3-2
2025-08-07 11:14:57.527 | DEBUG    | src.data_processing.web_crawler:crawl_accident_data:49 - 요청 URL: https://accident.knia.or.kr/myaccident-content?chartNo=%EC%B0%A83-3&chartType=1
2025-08-07 11:14:57.550 | INFO     | src.data_processing.web_crawler:crawl_accident_data:63 - 추출 완료: 차3-3
2025-08-07 11:14:58.142 | DEBUG    | src.data_processing.web_crawler:crawl_accident_data:49 - 요청 URL: https://accident.knia.or.kr/myaccident-content?chartNo=%EC%B0%A83-4&chartType=1
2025-08-07 11:14:58.162 | INFO     | src.data_processing.web_crawler:crawl_accident_data:63 - 추출 완료: 차3-4
2025-08-07 11:14:58.846 | DEBUG    | src.data_processing.web_crawler:crawl_accident_data:49 - 요청 URL: https://accident.knia.or.kr/myaccident-content?chartNo=%EC%B0%A83-5&chartType=1
2025-08-07 11:14:58.880 | INFO     | src.data_processing.web_crawler:crawl_accident_data:63 - 추출 완료: 차3-5
2025-08-07 11:14:59.487 | DEBUG    | src.data_processing.web_crawler:crawl_accident_data:49 - 요청 URL: https://accident.knia.or.kr/myaccident-content?chartNo=%EC%B0%A83-6&chartType=1
2025-08-07 11:14:59.511 | INFO     | src.data_processing.web_crawler:crawl_accident_data:63 - 추출 완료: 차3-6
2025-08-07 11:15:00.105 | DEBUG    | src.data_processing.web_crawler:crawl_accident_data:49 - 요청 URL: https://accident.knia.or.kr/myaccident-content?chartNo=%EC%B0%A83-7&chartType=1
2025-08-07 11:15:00.129 | INFO     | src.data_processing.web_crawler:crawl_accident_data:63 - 추출 완료: 차3-7
2025-08-07 11:15:00.718 | DEBUG    | src.data_processing.web_crawler:crawl_accident_data:49 - 요청 URL: https://accident.knia.or.kr/myaccident-content?chartNo=%EC%B0%A83-8&chartType=1
2025-08-07 11:15:00.745 | INFO     | src.data_processing.web_crawler:crawl_accident_data:63 - 추출 완료: 차3-8
2025-08-07 11:15:01.337 | DEBUG    | src.data_processing.web_crawler:crawl_accident_data:49 - 요청 URL: https://accident.knia.or.kr/myaccident-content?chartNo=%EC%B0%A83-9&chartType=1
2025-08-07 11:15:01.338 | DEBUG    | src.data_processing.web_crawler:crawl_accident_data:53 - 페이지 3 완료 (총 8건)
2025-08-07 11:15:01.338 | INFO     | src.data_processing.web_crawler:crawl_accident_data:76 - 페이지 3/5 완료 (현재까지 총 19건)
2025-08-07 11:15:01.461 | DEBUG    | src.data_processing.web_crawler:crawl_accident_data:49 - 요청 URL: https://accident.knia.or.kr/myaccident-content?chartNo=%EC%B0%A84-1&chartType=1
2025-08-07 11:15:01.486 | INFO     | src.data_processing.web_crawler:crawl_accident_data:63 - 추출 완료: 차4-1
2025-08-07 11:15:02.087 | DEBUG    | src.data_processing.web_crawler:crawl_accident_data:49 - 요청 URL: https://accident.knia.or.kr/myaccident-content?chartNo=%EC%B0%A84-2&chartType=1
2025-08-07 11:15:02.113 | INFO     | src.data_processing.web_crawler:crawl_accident_data:63 - 추출 완료: 차4-2
2025-08-07 11:15:02.700 | DEBUG    | src.data_processing.web_crawler:crawl_accident_data:49 - 요청 URL: https://accident.knia.or.kr/myaccident-content?chartNo=%EC%B0%A84-3&chartType=1
2025-08-07 11:15:02.700 | DEBUG    | src.data_processing.web_crawler:crawl_accident_data:53 - 페이지 4 완료 (총 2건)
2025-08-07 11:15:02.701 | INFO     | src.data_processing.web_crawler:crawl_accident_data:76 - 페이지 4/5 완료 (현재까지 총 21건)
2025-08-07 11:15:02.829 | DEBUG    | src.data_processing.web_crawler:crawl_accident_data:49 - 요청 URL: https://accident.knia.or.kr/myaccident-content?chartNo=%EC%B0%A85-1&chartType=1
2025-08-07 11:15:02.858 | INFO     | src.data_processing.web_crawler:crawl_accident_data:63 - 추출 완료: 차5-1
2025-08-07 11:15:03.456 | DEBUG    | src.data_processing.web_crawler:crawl_accident_data:49 - 요청 URL: https://accident.knia.or.kr/myaccident-content?chartNo=%EC%B0%A85-2&chartType=1
2025-08-07 11:15:03.477 | INFO     | src.data_processing.web_crawler:crawl_accident_data:63 - 추출 완료: 차5-2
2025-08-07 11:15:04.048 | DEBUG    | src.data_processing.web_crawler:crawl_accident_data:49 - 요청 URL: https://accident.knia.or.kr/myaccident-content?chartNo=%EC%B0%A85-3&chartType=1
2025-08-07 11:15:04.048 | DEBUG    | src.data_processing.web_crawler:crawl_accident_data:53 - 페이지 5 완료 (총 2건)
2025-08-07 11:15:04.049 | INFO     | src.data_processing.web_crawler:crawl_accident_data:76 - 페이지 5/5 완료 (현재까지 총 23건)
2025-08-07 11:15:04.050 | INFO     | src.data_processing.web_crawler:_save_data:141 - 데이터 저장 완료: data\cases\accident_cases.json
2025-08-07 11:15:04.051 | INFO     | src.data_processing.web_crawler:crawl_accident_data:82 - 크롤링 완료! 총 23건 수집, data\cases\accident_cases.json에 저장
